2000.10.27 16:09 B C:\uni2000\website2\4thyrthesis\audio\audio.htm --> ludo.jcu.edu.au /home2/eng-epl/public_html/thesis/4thyrthesis/audio audio.htm
2000.10.27 16:09 B C:\uni2000\website2\4thyrthesis\audio\Comp12dB.gif --> ludo.jcu.edu.au /home2/eng-epl/public_html/thesis/4thyrthesis/audio Comp12dB.gif
2000.10.27 16:09 B C:\uni2000\website2\4thyrthesis\audio\Comp12dBsm.gif --> ludo.jcu.edu.au /home2/eng-epl/public_html/thesis/4thyrthesis/audio Comp12dBsm.gif
2000.10.27 16:09 B C:\uni2000\website2\4thyrthesis\audio\OFDMsignal.gif --> ludo.jcu.edu.au /home2/eng-epl/public_html/thesis/4thyrthesis/audio OFDMsignal.gif
2000.10.27 16:09 B C:\uni2000\website2\4thyrthesis\audio\OFDMsignalQPSK.gif --> ludo.jcu.edu.au /home2/eng-epl/public_html/thesis/4thyrthesis/audio OFDMsignalQPSK.gif
2000.10.27 16:09 B C:\uni2000\website2\4thyrthesis\audio\OFDMsm.gif --> ludo.jcu.edu.au /home2/eng-epl/public_html/thesis/4thyrthesis/audio OFDMsm.gif
2000.10.27 16:09 B C:\uni2000\website2\4thyrthesis\audio\s0022_twiconpale30pix.gif --> ludo.jcu.edu.au /home2/eng-epl/public_html/thesis/4thyrthesis/audio s0022_twiconpale30pix.gif
2000.10.27 16:09 B C:\uni2000\website2\4thyrthesis\audio\smooth_bkgnd.jpg --> ludo.jcu.edu.au /home2/eng-epl/public_html/thesis/4thyrthesis/audio smooth_bkgnd.jpg
2000.10.27 16:09 B C:\uni2000\website2\4thyrthesis\audio\sound.gif --> ludo.jcu.edu.au /home2/eng-epl/public_html/thesis/4thyrthesis/audio sound.gif
2001.11.08 21:43 B C:\uni2001h2_enull\website3\4thyrthesis\audio\audio.htm --> stratum /c:/uni2001h2/website3/4thyrthesis/audio audio.htm
2001.11.08 21:43 B C:\uni2001h2_enull\website3\4thyrthesis\audio\Comp12dB.gif --> stratum /c:/uni2001h2/website3/4thyrthesis/audio Comp12dB.gif
2001.11.08 21:43 B C:\uni2001h2_enull\website3\4thyrthesis\audio\Comp12dBsm.gif --> stratum /c:/uni2001h2/website3/4thyrthesis/audio Comp12dBsm.gif
2001.11.08 21:43 B C:\uni2001h2_enull\website3\4thyrthesis\audio\OFDMsignal.gif --> stratum /c:/uni2001h2/website3/4thyrthesis/audio OFDMsignal.gif
2001.11.08 21:43 B C:\uni2001h2_enull\website3\4thyrthesis\audio\OFDMsignalQPSK.gif --> stratum /c:/uni2001h2/website3/4thyrthesis/audio OFDMsignalQPSK.gif
2001.11.08 21:43 B C:\uni2001h2_enull\website3\4thyrthesis\audio\OFDMsm.gif --> stratum /c:/uni2001h2/website3/4thyrthesis/audio OFDMsm.gif
2001.11.08 21:43 B C:\uni2001h2_enull\website3\4thyrthesis\audio\s0022_twiconpale30pix.gif --> stratum /c:/uni2001h2/website3/4thyrthesis/audio s0022_twiconpale30pix.gif
2001.11.08 21:43 B C:\uni2001h2_enull\website3\4thyrthesis\audio\smooth_bkgnd.jpg --> stratum /c:/uni2001h2/website3/4thyrthesis/audio smooth_bkgnd.jpg
2001.11.08 21:43 B C:\uni2001h2_enull\website3\4thyrthesis\audio\sound.gif --> stratum /c:/uni2001h2/website3/4thyrthesis/audio sound.gif
2001.12.01 00:31 B C:\skydsp01h2\website\testsite\site4\publications\4thyrthesis\audio\audio.htm --> www.skydsp.com /usr/www/users/elawrey/skydsp/publications/4thyrthesis/audio audio.htm
2001.12.01 00:31 B C:\skydsp01h2\website\testsite\site4\publications\4thyrthesis\audio\Comp12dB.gif --> www.skydsp.com /usr/www/users/elawrey/skydsp/publications/4thyrthesis/audio Comp12dB.gif
2001.12.01 00:32 B C:\skydsp01h2\website\testsite\site4\publications\4thyrthesis\audio\Comp12dBsm.gif --> www.skydsp.com /usr/www/users/elawrey/skydsp/publications/4thyrthesis/audio Comp12dBsm.gif
2001.12.01 00:32 B C:\skydsp01h2\website\testsite\site4\publications\4thyrthesis\audio\OFDMsignal.gif --> www.skydsp.com /usr/www/users/elawrey/skydsp/publications/4thyrthesis/audio OFDMsignal.gif
2001.12.01 00:32 B C:\skydsp01h2\website\testsite\site4\publications\4thyrthesis\audio\OFDMsignalQPSK.gif --> www.skydsp.com /usr/www/users/elawrey/skydsp/publications/4thyrthesis/audio OFDMsignalQPSK.gif
2001.12.01 00:32 B C:\skydsp01h2\website\testsite\site4\publications\4thyrthesis\audio\OFDMsm.gif --> www.skydsp.com /usr/www/users/elawrey/skydsp/publications/4thyrthesis/audio OFDMsm.gif
2001.12.01 00:32 B C:\skydsp01h2\website\testsite\site4\publications\4thyrthesis\audio\s0022_twiconpale30pix.gif --> www.skydsp.com /usr/www/users/elawrey/skydsp/publications/4thyrthesis/audio s0022_twiconpale30pix.gif
2001.12.01 00:32 B C:\skydsp01h2\website\testsite\site4\publications\4thyrthesis\audio\smooth_bkgnd.jpg --> www.skydsp.com /usr/www/users/elawrey/skydsp/publications/4thyrthesis/audio smooth_bkgnd.jpg
2001.12.01 00:32 B C:\skydsp01h2\website\testsite\site4\publications\4thyrthesis\audio\sound.gif --> www.skydsp.com /usr/www/users/elawrey/skydsp/publications/4thyrthesis/audio sound.gif
2001.12.01 00:32 B C:\skydsp01h2\website\testsite\site4\publications\4thyrthesis\audio\WS_FTP.LOG --> www.skydsp.com /usr/www/users/elawrey/skydsp/publications/4thyrthesis/audio WS_FTP.LOG
2002.06.26 22:58 B C:\sky02\website\site2\publications\4thyrthesis\audio\audio.htm --> www.skydsp.com /usr/www/users/elawrey/skydsp/publications/4thyrthesis/audio audio.htm
2002.06.26 22:58 B C:\sky02\website\site2\publications\4thyrthesis\audio\Comp12dB.gif --> www.skydsp.com /usr/www/users/elawrey/skydsp/publications/4thyrthesis/audio Comp12dB.gif
2002.06.26 22:58 B C:\sky02\website\site2\publications\4thyrthesis\audio\Comp12dBsm.gif --> www.skydsp.com /usr/www/users/elawrey/skydsp/publications/4thyrthesis/audio Comp12dBsm.gif
2002.06.26 22:59 B C:\sky02\website\site2\publications\4thyrthesis\audio\OFDMsignal.gif --> www.skydsp.com /usr/www/users/elawrey/skydsp/publications/4thyrthesis/audio OFDMsignal.gif
2002.06.26 22:59 B C:\sky02\website\site2\publications\4thyrthesis\audio\OFDMsignalQPSK.gif --> www.skydsp.com /usr/www/users/elawrey/skydsp/publications/4thyrthesis/audio OFDMsignalQPSK.gif
2002.06.26 22:59 B C:\sky02\website\site2\publications\4thyrthesis\audio\OFDMsm.gif --> www.skydsp.com /usr/www/users/elawrey/skydsp/publications/4thyrthesis/audio OFDMsm.gif
2002.06.26 22:59 B C:\sky02\website\site2\publications\4thyrthesis\audio\s0022_twiconpale30pix.gif --> www.skydsp.com /usr/www/users/elawrey/skydsp/publications/4thyrthesis/audio s0022_twiconpale30pix.gif
2002.06.26 22:59 B C:\sky02\website\site2\publications\4thyrthesis\audio\smooth_bkgnd.jpg --> www.skydsp.com /usr/www/users/elawrey/skydsp/publications/4thyrthesis/audio smooth_bkgnd.jpg
2002.06.26 22:59 B C:\sky02\website\site2\publications\4thyrthesis\audio\sound.gif --> www.skydsp.com /usr/www/users/elawrey/skydsp/publications/4thyrthesis/audio sound.gif
2002.06.26 22:59 B C:\sky02\website\site2\publications\4thyrthesis\audio\WS_FTP.LOG --> www.skydsp.com /usr/www/users/elawrey/skydsp/publications/4thyrthesis/audio WS_FTP.LOG
2002.07.10 19:45 B C:\sky02\website\site2\publications\4thyrthesis\audio\audio.htm --> www.skydsp.com /usr/www/users/elawrey/skydsp/publications/4thyrthesis/audio audio.htm
2002.07.10 19:45 B C:\sky02\website\site2\publications\4thyrthesis\audio\Comp12dB.gif --> www.skydsp.com /usr/www/users/elawrey/skydsp/publications/4thyrthesis/audio Comp12dB.gif
2002.07.10 19:45 B C:\sky02\website\site2\publications\4thyrthesis\audio\Comp12dBsm.gif --> www.skydsp.com /usr/www/users/elawrey/skydsp/publications/4thyrthesis/audio Comp12dBsm.gif
2002.07.10 19:45 B C:\sky02\website\site2\publications\4thyrthesis\audio\OFDMsignal.gif --> www.skydsp.com /usr/www/users/elawrey/skydsp/publications/4thyrthesis/audio OFDMsignal.gif
2002.07.10 19:45 B C:\sky02\website\site2\publications\4thyrthesis\audio\OFDMsignalQPSK.gif --> www.skydsp.com /usr/www/users/elawrey/skydsp/publications/4thyrthesis/audio OFDMsignalQPSK.gif
2002.07.10 19:45 B C:\sky02\website\site2\publications\4thyrthesis\audio\OFDMsm.gif --> www.skydsp.com /usr/www/users/elawrey/skydsp/publications/4thyrthesis/audio OFDMsm.gif
2002.07.10 19:45 B C:\sky02\website\site2\publications\4thyrthesis\audio\s0022_twiconpale30pix.gif --> www.skydsp.com /usr/www/users/elawrey/skydsp/publications/4thyrthesis/audio s0022_twiconpale30pix.gif
2002.07.10 19:45 B C:\sky02\website\site2\publications\4thyrthesis\audio\smooth_bkgnd.jpg --> www.skydsp.com /usr/www/users/elawrey/skydsp/publications/4thyrthesis/audio smooth_bkgnd.jpg
2002.07.10 19:45 B C:\sky02\website\site2\publications\4thyrthesis\audio\sound.gif --> www.skydsp.com /usr/www/users/elawrey/skydsp/publications/4thyrthesis/audio sound.gif
