2000.10.27 16:09 B C:\uni2000\website2\PeakReduction\images\eq1.gif --> ludo.jcu.edu.au /home2/eng-epl/public_html/thesis/PeakReduction/images eq1.gif
2000.10.27 16:09 B C:\uni2000\website2\PeakReduction\images\eq2.gif --> ludo.jcu.edu.au /home2/eng-epl/public_html/thesis/PeakReduction/images eq2.gif
2000.10.27 16:09 B C:\uni2000\website2\PeakReduction\images\eq3.gif --> ludo.jcu.edu.au /home2/eng-epl/public_html/thesis/PeakReduction/images eq3.gif
2000.10.27 16:09 B C:\uni2000\website2\PeakReduction\images\eq4.gif --> ludo.jcu.edu.au /home2/eng-epl/public_html/thesis/PeakReduction/images eq4.gif
2000.10.27 16:09 B C:\uni2000\website2\PeakReduction\images\figure1b.gif --> ludo.jcu.edu.au /home2/eng-epl/public_html/thesis/PeakReduction/images figure1b.gif
2000.10.27 16:10 B C:\uni2000\website2\PeakReduction\images\figure2.gif --> ludo.jcu.edu.au /home2/eng-epl/public_html/thesis/PeakReduction/images figure2.gif
2000.10.27 16:10 B C:\uni2000\website2\PeakReduction\images\figure3.gif --> ludo.jcu.edu.au /home2/eng-epl/public_html/thesis/PeakReduction/images figure3.gif
2000.10.27 16:10 B C:\uni2000\website2\PeakReduction\images\figure4.gif --> ludo.jcu.edu.au /home2/eng-epl/public_html/thesis/PeakReduction/images figure4.gif
2000.10.27 16:10 B C:\uni2000\website2\PeakReduction\images\figure5.gif --> ludo.jcu.edu.au /home2/eng-epl/public_html/thesis/PeakReduction/images figure5.gif
2000.10.27 16:10 B C:\uni2000\website2\PeakReduction\images\figure6.gif --> ludo.jcu.edu.au /home2/eng-epl/public_html/thesis/PeakReduction/images figure6.gif
2000.10.27 16:10 B C:\uni2000\website2\PeakReduction\images\figure7.gif --> ludo.jcu.edu.au /home2/eng-epl/public_html/thesis/PeakReduction/images figure7.gif
2000.10.27 16:10 B C:\uni2000\website2\PeakReduction\images\figure8.gif --> ludo.jcu.edu.au /home2/eng-epl/public_html/thesis/PeakReduction/images figure8.gif
2000.10.27 16:10 B C:\uni2000\website2\PeakReduction\images\pdf.gif --> ludo.jcu.edu.au /home2/eng-epl/public_html/thesis/PeakReduction/images pdf.gif
2000.10.27 16:10 B C:\uni2000\website2\PeakReduction\images\s0022_twiconpale30pix.gif --> ludo.jcu.edu.au /home2/eng-epl/public_html/thesis/PeakReduction/images s0022_twiconpale30pix.gif
2000.10.27 16:10 B C:\uni2000\website2\PeakReduction\images\table1.gif --> ludo.jcu.edu.au /home2/eng-epl/public_html/thesis/PeakReduction/images table1.gif
2001.11.08 21:44 B C:\uni2001h2_enull\website3\PeakReduction\images\eq1.gif --> stratum /c:/uni2001h2/website3/PeakReduction/images eq1.gif
2001.11.08 21:44 B C:\uni2001h2_enull\website3\PeakReduction\images\eq2.gif --> stratum /c:/uni2001h2/website3/PeakReduction/images eq2.gif
2001.11.08 21:44 B C:\uni2001h2_enull\website3\PeakReduction\images\eq3.gif --> stratum /c:/uni2001h2/website3/PeakReduction/images eq3.gif
2001.11.08 21:44 B C:\uni2001h2_enull\website3\PeakReduction\images\eq4.gif --> stratum /c:/uni2001h2/website3/PeakReduction/images eq4.gif
2001.11.08 21:44 B C:\uni2001h2_enull\website3\PeakReduction\images\figure1b.gif --> stratum /c:/uni2001h2/website3/PeakReduction/images figure1b.gif
2001.11.08 21:44 B C:\uni2001h2_enull\website3\PeakReduction\images\figure2.gif --> stratum /c:/uni2001h2/website3/PeakReduction/images figure2.gif
2001.11.08 21:44 B C:\uni2001h2_enull\website3\PeakReduction\images\figure3.gif --> stratum /c:/uni2001h2/website3/PeakReduction/images figure3.gif
2001.11.08 21:44 B C:\uni2001h2_enull\website3\PeakReduction\images\figure4.gif --> stratum /c:/uni2001h2/website3/PeakReduction/images figure4.gif
2001.11.08 21:44 B C:\uni2001h2_enull\website3\PeakReduction\images\figure5.gif --> stratum /c:/uni2001h2/website3/PeakReduction/images figure5.gif
2001.11.08 21:44 B C:\uni2001h2_enull\website3\PeakReduction\images\figure6.gif --> stratum /c:/uni2001h2/website3/PeakReduction/images figure6.gif
2001.11.08 21:44 B C:\uni2001h2_enull\website3\PeakReduction\images\figure7.gif --> stratum /c:/uni2001h2/website3/PeakReduction/images figure7.gif
2001.11.08 21:44 B C:\uni2001h2_enull\website3\PeakReduction\images\figure8.gif --> stratum /c:/uni2001h2/website3/PeakReduction/images figure8.gif
2001.11.08 21:44 B C:\uni2001h2_enull\website3\PeakReduction\images\pdf.gif --> stratum /c:/uni2001h2/website3/PeakReduction/images pdf.gif
2001.11.08 21:44 B C:\uni2001h2_enull\website3\PeakReduction\images\s0022_twiconpale30pix.gif --> stratum /c:/uni2001h2/website3/PeakReduction/images s0022_twiconpale30pix.gif
2001.11.08 21:44 B C:\uni2001h2_enull\website3\PeakReduction\images\table1.gif --> stratum /c:/uni2001h2/website3/PeakReduction/images table1.gif
2002.06.26 23:23 B C:\sky02\website\site2\publications\PeakReduction\images\eq1.gif --> www.skydsp.com /usr/www/users/elawrey/skydsp/publications/PeakReduction/images eq1.gif
2002.06.26 23:23 B C:\sky02\website\site2\publications\PeakReduction\images\eq2.gif --> www.skydsp.com /usr/www/users/elawrey/skydsp/publications/PeakReduction/images eq2.gif
2002.06.26 23:23 B C:\sky02\website\site2\publications\PeakReduction\images\eq3.gif --> www.skydsp.com /usr/www/users/elawrey/skydsp/publications/PeakReduction/images eq3.gif
2002.06.26 23:23 B C:\sky02\website\site2\publications\PeakReduction\images\eq4.gif --> www.skydsp.com /usr/www/users/elawrey/skydsp/publications/PeakReduction/images eq4.gif
2002.06.26 23:23 B C:\sky02\website\site2\publications\PeakReduction\images\figure1b.gif --> www.skydsp.com /usr/www/users/elawrey/skydsp/publications/PeakReduction/images figure1b.gif
2002.06.26 23:23 B C:\sky02\website\site2\publications\PeakReduction\images\figure2.gif --> www.skydsp.com /usr/www/users/elawrey/skydsp/publications/PeakReduction/images figure2.gif
2002.06.26 23:23 B C:\sky02\website\site2\publications\PeakReduction\images\figure3.gif --> www.skydsp.com /usr/www/users/elawrey/skydsp/publications/PeakReduction/images figure3.gif
2002.06.26 23:23 B C:\sky02\website\site2\publications\PeakReduction\images\figure4.gif --> www.skydsp.com /usr/www/users/elawrey/skydsp/publications/PeakReduction/images figure4.gif
2002.06.26 23:23 B C:\sky02\website\site2\publications\PeakReduction\images\figure5.gif --> www.skydsp.com /usr/www/users/elawrey/skydsp/publications/PeakReduction/images figure5.gif
2002.06.26 23:23 B C:\sky02\website\site2\publications\PeakReduction\images\figure6.gif --> www.skydsp.com /usr/www/users/elawrey/skydsp/publications/PeakReduction/images figure6.gif
2002.06.26 23:23 B C:\sky02\website\site2\publications\PeakReduction\images\figure7.gif --> www.skydsp.com /usr/www/users/elawrey/skydsp/publications/PeakReduction/images figure7.gif
2002.06.26 23:23 B C:\sky02\website\site2\publications\PeakReduction\images\figure8.gif --> www.skydsp.com /usr/www/users/elawrey/skydsp/publications/PeakReduction/images figure8.gif
2002.06.26 23:24 B C:\sky02\website\site2\publications\PeakReduction\images\pdf.gif --> www.skydsp.com /usr/www/users/elawrey/skydsp/publications/PeakReduction/images pdf.gif
2002.06.26 23:24 B C:\sky02\website\site2\publications\PeakReduction\images\s0022_twiconpale30pix.gif --> www.skydsp.com /usr/www/users/elawrey/skydsp/publications/PeakReduction/images s0022_twiconpale30pix.gif
2002.06.26 23:24 B C:\sky02\website\site2\publications\PeakReduction\images\table1.gif --> www.skydsp.com /usr/www/users/elawrey/skydsp/publications/PeakReduction/images table1.gif
2002.06.26 23:24 B C:\sky02\website\site2\publications\PeakReduction\images\WS_FTP.LOG --> www.skydsp.com /usr/www/users/elawrey/skydsp/publications/PeakReduction/images WS_FTP.LOG
2002.07.10 19:59 B C:\sky02\website\site2\publications\PeakReduction\images\eq1.gif --> www.skydsp.com /usr/www/users/elawrey/skydsp/publications/PeakReduction/images eq1.gif
2002.07.10 19:59 B C:\sky02\website\site2\publications\PeakReduction\images\eq2.gif --> www.skydsp.com /usr/www/users/elawrey/skydsp/publications/PeakReduction/images eq2.gif
2002.07.10 19:59 B C:\sky02\website\site2\publications\PeakReduction\images\eq3.gif --> www.skydsp.com /usr/www/users/elawrey/skydsp/publications/PeakReduction/images eq3.gif
2002.07.10 19:59 B C:\sky02\website\site2\publications\PeakReduction\images\eq4.gif --> www.skydsp.com /usr/www/users/elawrey/skydsp/publications/PeakReduction/images eq4.gif
2002.07.10 19:59 B C:\sky02\website\site2\publications\PeakReduction\images\figure1b.gif --> www.skydsp.com /usr/www/users/elawrey/skydsp/publications/PeakReduction/images figure1b.gif
2002.07.10 19:59 B C:\sky02\website\site2\publications\PeakReduction\images\figure2.gif --> www.skydsp.com /usr/www/users/elawrey/skydsp/publications/PeakReduction/images figure2.gif
2002.07.10 19:59 B C:\sky02\website\site2\publications\PeakReduction\images\figure3.gif --> www.skydsp.com /usr/www/users/elawrey/skydsp/publications/PeakReduction/images figure3.gif
2002.07.10 19:59 B C:\sky02\website\site2\publications\PeakReduction\images\figure4.gif --> www.skydsp.com /usr/www/users/elawrey/skydsp/publications/PeakReduction/images figure4.gif
2002.07.10 19:59 B C:\sky02\website\site2\publications\PeakReduction\images\figure5.gif --> www.skydsp.com /usr/www/users/elawrey/skydsp/publications/PeakReduction/images figure5.gif
2002.07.10 19:59 B C:\sky02\website\site2\publications\PeakReduction\images\figure6.gif --> www.skydsp.com /usr/www/users/elawrey/skydsp/publications/PeakReduction/images figure6.gif
2002.07.10 19:59 B C:\sky02\website\site2\publications\PeakReduction\images\figure7.gif --> www.skydsp.com /usr/www/users/elawrey/skydsp/publications/PeakReduction/images figure7.gif
2002.07.10 19:59 B C:\sky02\website\site2\publications\PeakReduction\images\figure8.gif --> www.skydsp.com /usr/www/users/elawrey/skydsp/publications/PeakReduction/images figure8.gif
2002.07.10 19:59 B C:\sky02\website\site2\publications\PeakReduction\images\pdf.gif --> www.skydsp.com /usr/www/users/elawrey/skydsp/publications/PeakReduction/images pdf.gif
2002.07.10 19:59 B C:\sky02\website\site2\publications\PeakReduction\images\s0022_twiconpale30pix.gif --> www.skydsp.com /usr/www/users/elawrey/skydsp/publications/PeakReduction/images s0022_twiconpale30pix.gif
2002.07.10 19:59 B C:\sky02\website\site2\publications\PeakReduction\images\table1.gif --> www.skydsp.com /usr/www/users/elawrey/skydsp/publications/PeakReduction/images table1.gif
