2000.10.27 16:09 B C:\uni2000\website2\4thyrthesis\audio\256PSK\OFDMsignal.gif --> ludo.jcu.edu.au /home2/eng-epl/public_html/thesis/4thyrthesis/audio/256PSK OFDMsignal.gif
2000.10.27 16:09 B C:\uni2000\website2\4thyrthesis\audio\256PSK\orig_256PSK.wav --> ludo.jcu.edu.au /home2/eng-epl/public_html/thesis/4thyrthesis/audio/256PSK orig_256PSK.wav
2000.10.27 16:09 B C:\uni2000\website2\4thyrthesis\audio\256PSK\pspbrwse.jbf --> ludo.jcu.edu.au /home2/eng-epl/public_html/thesis/4thyrthesis/audio/256PSK pspbrwse.jbf
2000.10.27 16:09 B C:\uni2000\website2\4thyrthesis\audio\256PSK\Results.txt --> ludo.jcu.edu.au /home2/eng-epl/public_html/thesis/4thyrthesis/audio/256PSK Results.txt
2000.10.27 16:09 B C:\uni2000\website2\4thyrthesis\audio\256PSK\SNR12dB_256PSK.wav --> ludo.jcu.edu.au /home2/eng-epl/public_html/thesis/4thyrthesis/audio/256PSK SNR12dB_256PSK.wav
2000.10.27 16:09 B C:\uni2000\website2\4thyrthesis\audio\256PSK\SNR12dB_4Avg.wav --> ludo.jcu.edu.au /home2/eng-epl/public_html/thesis/4thyrthesis/audio/256PSK SNR12dB_4Avg.wav
2000.10.27 16:09 B C:\uni2000\website2\4thyrthesis\audio\256PSK\SNR4dB_256PSK.wav --> ludo.jcu.edu.au /home2/eng-epl/public_html/thesis/4thyrthesis/audio/256PSK SNR4dB_256PSK.wav
2000.10.27 16:09 B C:\uni2000\website2\4thyrthesis\audio\256PSK\SNR4dB_4Avg.wav --> ludo.jcu.edu.au /home2/eng-epl/public_html/thesis/4thyrthesis/audio/256PSK SNR4dB_4Avg.wav
2000.10.27 16:09 B C:\uni2000\website2\4thyrthesis\audio\256PSK\SNR8dB_256PSK.wav --> ludo.jcu.edu.au /home2/eng-epl/public_html/thesis/4thyrthesis/audio/256PSK SNR8dB_256PSK.wav
2001.11.08 21:43 B C:\uni2001h2_enull\website3\4thyrthesis\audio\256PSK\OFDMsignal.gif --> stratum /c:/uni2001h2/website3/4thyrthesis/audio/256PSK OFDMsignal.gif
2001.11.08 21:43 B C:\uni2001h2_enull\website3\4thyrthesis\audio\256PSK\orig_256PSK.wav --> stratum /c:/uni2001h2/website3/4thyrthesis/audio/256PSK orig_256PSK.wav
2001.11.08 21:43 B C:\uni2001h2_enull\website3\4thyrthesis\audio\256PSK\pspbrwse.jbf --> stratum /c:/uni2001h2/website3/4thyrthesis/audio/256PSK pspbrwse.jbf
2001.11.08 21:43 B C:\uni2001h2_enull\website3\4thyrthesis\audio\256PSK\Results.txt --> stratum /c:/uni2001h2/website3/4thyrthesis/audio/256PSK Results.txt
2001.11.08 21:43 B C:\uni2001h2_enull\website3\4thyrthesis\audio\256PSK\SNR12dB_256PSK.wav --> stratum /c:/uni2001h2/website3/4thyrthesis/audio/256PSK SNR12dB_256PSK.wav
2001.11.08 21:43 B C:\uni2001h2_enull\website3\4thyrthesis\audio\256PSK\SNR12dB_4Avg.wav --> stratum /c:/uni2001h2/website3/4thyrthesis/audio/256PSK SNR12dB_4Avg.wav
2001.11.08 21:43 B C:\uni2001h2_enull\website3\4thyrthesis\audio\256PSK\SNR4dB_256PSK.wav --> stratum /c:/uni2001h2/website3/4thyrthesis/audio/256PSK SNR4dB_256PSK.wav
2001.11.08 21:43 B C:\uni2001h2_enull\website3\4thyrthesis\audio\256PSK\SNR4dB_4Avg.wav --> stratum /c:/uni2001h2/website3/4thyrthesis/audio/256PSK SNR4dB_4Avg.wav
2001.11.08 21:43 B C:\uni2001h2_enull\website3\4thyrthesis\audio\256PSK\SNR8dB_256PSK.wav --> stratum /c:/uni2001h2/website3/4thyrthesis/audio/256PSK SNR8dB_256PSK.wav
2001.12.01 00:24 B C:\skydsp01h2\website\testsite\site4\publications\4thyrthesis\audio\256PSK\OFDMsignal.gif --> www.skydsp.com /usr/www/users/elawrey/skydsp/publications/4thyrthesis/audio/256PSK OFDMsignal.gif
2001.12.01 00:24 B C:\skydsp01h2\website\testsite\site4\publications\4thyrthesis\audio\256PSK\orig_256PSK.wav --> www.skydsp.com /usr/www/users/elawrey/skydsp/publications/4thyrthesis/audio/256PSK orig_256PSK.wav
2001.12.01 00:24 B C:\skydsp01h2\website\testsite\site4\publications\4thyrthesis\audio\256PSK\pspbrwse.jbf --> www.skydsp.com /usr/www/users/elawrey/skydsp/publications/4thyrthesis/audio/256PSK pspbrwse.jbf
2001.12.01 00:24 B C:\skydsp01h2\website\testsite\site4\publications\4thyrthesis\audio\256PSK\Results.txt --> www.skydsp.com /usr/www/users/elawrey/skydsp/publications/4thyrthesis/audio/256PSK Results.txt
2001.12.01 00:24 B C:\skydsp01h2\website\testsite\site4\publications\4thyrthesis\audio\256PSK\SNR12dB_256PSK.wav --> www.skydsp.com /usr/www/users/elawrey/skydsp/publications/4thyrthesis/audio/256PSK SNR12dB_256PSK.wav
2001.12.01 00:25 B C:\skydsp01h2\website\testsite\site4\publications\4thyrthesis\audio\256PSK\SNR12dB_4Avg.wav --> www.skydsp.com /usr/www/users/elawrey/skydsp/publications/4thyrthesis/audio/256PSK SNR12dB_4Avg.wav
2001.12.01 00:25 B C:\skydsp01h2\website\testsite\site4\publications\4thyrthesis\audio\256PSK\SNR4dB_256PSK.wav --> www.skydsp.com /usr/www/users/elawrey/skydsp/publications/4thyrthesis/audio/256PSK SNR4dB_256PSK.wav
2001.12.01 00:25 B C:\skydsp01h2\website\testsite\site4\publications\4thyrthesis\audio\256PSK\SNR4dB_4Avg.wav --> www.skydsp.com /usr/www/users/elawrey/skydsp/publications/4thyrthesis/audio/256PSK SNR4dB_4Avg.wav
2001.12.01 00:25 B C:\skydsp01h2\website\testsite\site4\publications\4thyrthesis\audio\256PSK\SNR8dB_256PSK.wav --> www.skydsp.com /usr/www/users/elawrey/skydsp/publications/4thyrthesis/audio/256PSK SNR8dB_256PSK.wav
2001.12.01 00:25 B C:\skydsp01h2\website\testsite\site4\publications\4thyrthesis\audio\256PSK\WS_FTP.LOG --> www.skydsp.com /usr/www/users/elawrey/skydsp/publications/4thyrthesis/audio/256PSK WS_FTP.LOG
2002.06.26 22:51 B C:\sky02\website\site2\publications\4thyrthesis\audio\256PSK\OFDMsignal.gif --> www.skydsp.com /usr/www/users/elawrey/skydsp/publications/4thyrthesis/audio/256PSK OFDMsignal.gif
2002.06.26 22:51 B C:\sky02\website\site2\publications\4thyrthesis\audio\256PSK\orig_256PSK.wav --> www.skydsp.com /usr/www/users/elawrey/skydsp/publications/4thyrthesis/audio/256PSK orig_256PSK.wav
2002.06.26 22:51 B C:\sky02\website\site2\publications\4thyrthesis\audio\256PSK\pspbrwse.jbf --> www.skydsp.com /usr/www/users/elawrey/skydsp/publications/4thyrthesis/audio/256PSK pspbrwse.jbf
2002.06.26 22:52 B C:\sky02\website\site2\publications\4thyrthesis\audio\256PSK\Results.txt --> www.skydsp.com /usr/www/users/elawrey/skydsp/publications/4thyrthesis/audio/256PSK Results.txt
2002.06.26 22:52 B C:\sky02\website\site2\publications\4thyrthesis\audio\256PSK\SNR12dB_256PSK.wav --> www.skydsp.com /usr/www/users/elawrey/skydsp/publications/4thyrthesis/audio/256PSK SNR12dB_256PSK.wav
2002.06.26 22:52 B C:\sky02\website\site2\publications\4thyrthesis\audio\256PSK\SNR12dB_4Avg.wav --> www.skydsp.com /usr/www/users/elawrey/skydsp/publications/4thyrthesis/audio/256PSK SNR12dB_4Avg.wav
2002.06.26 22:52 B C:\sky02\website\site2\publications\4thyrthesis\audio\256PSK\SNR4dB_256PSK.wav --> www.skydsp.com /usr/www/users/elawrey/skydsp/publications/4thyrthesis/audio/256PSK SNR4dB_256PSK.wav
2002.06.26 22:52 B C:\sky02\website\site2\publications\4thyrthesis\audio\256PSK\SNR4dB_4Avg.wav --> www.skydsp.com /usr/www/users/elawrey/skydsp/publications/4thyrthesis/audio/256PSK SNR4dB_4Avg.wav
2002.06.26 22:52 B C:\sky02\website\site2\publications\4thyrthesis\audio\256PSK\SNR8dB_256PSK.wav --> www.skydsp.com /usr/www/users/elawrey/skydsp/publications/4thyrthesis/audio/256PSK SNR8dB_256PSK.wav
2002.06.26 22:52 B C:\sky02\website\site2\publications\4thyrthesis\audio\256PSK\WS_FTP.LOG --> www.skydsp.com /usr/www/users/elawrey/skydsp/publications/4thyrthesis/audio/256PSK WS_FTP.LOG
2002.07.10 19:42 B C:\sky02\website\site2\publications\4thyrthesis\audio\256PSK\OFDMsignal.gif --> www.skydsp.com /usr/www/users/elawrey/skydsp/publications/4thyrthesis/audio/256PSK OFDMsignal.gif
2002.07.10 19:42 B C:\sky02\website\site2\publications\4thyrthesis\audio\256PSK\pspbrwse.jbf --> www.skydsp.com /usr/www/users/elawrey/skydsp/publications/4thyrthesis/audio/256PSK pspbrwse.jbf
2002.07.10 19:42 B C:\sky02\website\site2\publications\4thyrthesis\audio\256PSK\Results.txt --> www.skydsp.com /usr/www/users/elawrey/skydsp/publications/4thyrthesis/audio/256PSK Results.txt
2002.07.10 19:42 B C:\sky02\website\site2\publications\4thyrthesis\audio\256PSK\SNR12dB_256PSK.wav --> www.skydsp.com /usr/www/users/elawrey/skydsp/publications/4thyrthesis/audio/256PSK SNR12dB_256PSK.wav
2002.07.10 19:42 B C:\sky02\website\site2\publications\4thyrthesis\audio\256PSK\SNR12dB_4Avg.wav --> www.skydsp.com /usr/www/users/elawrey/skydsp/publications/4thyrthesis/audio/256PSK SNR12dB_4Avg.wav
2002.07.10 19:43 B C:\sky02\website\site2\publications\4thyrthesis\audio\256PSK\SNR4dB_256PSK.wav --> www.skydsp.com /usr/www/users/elawrey/skydsp/publications/4thyrthesis/audio/256PSK SNR4dB_256PSK.wav
2002.07.10 19:43 B C:\sky02\website\site2\publications\4thyrthesis\audio\256PSK\SNR4dB_4Avg.wav --> www.skydsp.com /usr/www/users/elawrey/skydsp/publications/4thyrthesis/audio/256PSK SNR4dB_4Avg.wav
2002.07.10 19:43 B C:\sky02\website\site2\publications\4thyrthesis\audio\256PSK\SNR8dB_256PSK.wav --> www.skydsp.com /usr/www/users/elawrey/skydsp/publications/4thyrthesis/audio/256PSK SNR8dB_256PSK.wav
