2001.12.01 00:44 B C:\skydsp01h2\website\testsite\site4\publications\main_graphics\adaptivemod.jpg --> www.skydsp.com /usr/www/users/elawrey/skydsp/publications/main_graphics adaptivemod.jpg
2001.12.01 00:44 B C:\skydsp01h2\website\testsite\site4\publications\main_graphics\multiuserOFDM.gif --> www.skydsp.com /usr/www/users/elawrey/skydsp/publications/main_graphics multiuserOFDM.gif
2001.12.01 00:45 B C:\skydsp01h2\website\testsite\site4\publications\main_graphics\multiuserOFDM.jpg --> www.skydsp.com /usr/www/users/elawrey/skydsp/publications/main_graphics multiuserOFDM.jpg
2001.12.01 00:45 B C:\skydsp01h2\website\testsite\site4\publications\main_graphics\PRC.jpg --> www.skydsp.com /usr/www/users/elawrey/skydsp/publications/main_graphics PRC.jpg
2001.12.01 00:45 B C:\skydsp01h2\website\testsite\site4\publications\main_graphics\thesisthumb.jpg --> www.skydsp.com /usr/www/users/elawrey/skydsp/publications/main_graphics thesisthumb.jpg
2001.12.01 00:45 B C:\skydsp01h2\website\testsite\site4\publications\main_graphics\twdr01sm.jpg --> www.skydsp.com /usr/www/users/elawrey/skydsp/publications/main_graphics twdr01sm.jpg
2001.12.01 00:45 B C:\skydsp01h2\website\testsite\site4\publications\main_graphics\x.gif --> www.skydsp.com /usr/www/users/elawrey/skydsp/publications/main_graphics x.gif
2002.06.26 23:17 B C:\sky02\website\site2\publications\main_graphics\adaptivemod.jpg --> www.skydsp.com /usr/www/users/elawrey/skydsp/publications/main_graphics adaptivemod.jpg
2002.06.26 23:17 B C:\sky02\website\site2\publications\main_graphics\apr.gif --> www.skydsp.com /usr/www/users/elawrey/skydsp/publications/main_graphics apr.gif
2002.06.26 23:18 B C:\sky02\website\site2\publications\main_graphics\multiuserOFDM.gif --> www.skydsp.com /usr/www/users/elawrey/skydsp/publications/main_graphics multiuserOFDM.gif
2002.06.26 23:18 B C:\sky02\website\site2\publications\main_graphics\multiuserOFDM.jpg --> www.skydsp.com /usr/www/users/elawrey/skydsp/publications/main_graphics multiuserOFDM.jpg
2002.06.26 23:18 B C:\sky02\website\site2\publications\main_graphics\PRC.jpg --> www.skydsp.com /usr/www/users/elawrey/skydsp/publications/main_graphics PRC.jpg
2002.06.26 23:18 B C:\sky02\website\site2\publications\main_graphics\skybanner.cpt --> www.skydsp.com /usr/www/users/elawrey/skydsp/publications/main_graphics skybanner.cpt
2002.06.26 23:18 B C:\sky02\website\site2\publications\main_graphics\skydspbanner.gif --> www.skydsp.com /usr/www/users/elawrey/skydsp/publications/main_graphics skydspbanner.gif
2002.06.26 23:18 B C:\sky02\website\site2\publications\main_graphics\thesisthumb.jpg --> www.skydsp.com /usr/www/users/elawrey/skydsp/publications/main_graphics thesisthumb.jpg
2002.06.26 23:18 B C:\sky02\website\site2\publications\main_graphics\twdr01sm.jpg --> www.skydsp.com /usr/www/users/elawrey/skydsp/publications/main_graphics twdr01sm.jpg
2002.06.26 23:18 B C:\sky02\website\site2\publications\main_graphics\WS_FTP.LOG --> www.skydsp.com /usr/www/users/elawrey/skydsp/publications/main_graphics WS_FTP.LOG
2002.06.26 23:18 B C:\sky02\website\site2\publications\main_graphics\x.gif --> www.skydsp.com /usr/www/users/elawrey/skydsp/publications/main_graphics x.gif
2002.07.10 19:54 B C:\sky02\website\site2\publications\main_graphics\adaptivemod.jpg --> www.skydsp.com /usr/www/users/elawrey/skydsp/publications/main_graphics adaptivemod.jpg
2002.07.10 19:54 B C:\sky02\website\site2\publications\main_graphics\apr.gif --> www.skydsp.com /usr/www/users/elawrey/skydsp/publications/main_graphics apr.gif
2002.07.10 19:54 B C:\sky02\website\site2\publications\main_graphics\multiuserOFDM.gif --> www.skydsp.com /usr/www/users/elawrey/skydsp/publications/main_graphics multiuserOFDM.gif
2002.07.10 19:54 B C:\sky02\website\site2\publications\main_graphics\multiuserOFDM.jpg --> www.skydsp.com /usr/www/users/elawrey/skydsp/publications/main_graphics multiuserOFDM.jpg
2002.07.10 19:54 B C:\sky02\website\site2\publications\main_graphics\PRC.jpg --> www.skydsp.com /usr/www/users/elawrey/skydsp/publications/main_graphics PRC.jpg
2002.07.10 19:55 B C:\sky02\website\site2\publications\main_graphics\skybanner.cpt --> www.skydsp.com /usr/www/users/elawrey/skydsp/publications/main_graphics skybanner.cpt
2002.07.10 19:55 B C:\sky02\website\site2\publications\main_graphics\skydspbanner.gif --> www.skydsp.com /usr/www/users/elawrey/skydsp/publications/main_graphics skydspbanner.gif
2002.07.10 19:55 B C:\sky02\website\site2\publications\main_graphics\thesisthumb.jpg --> www.skydsp.com /usr/www/users/elawrey/skydsp/publications/main_graphics thesisthumb.jpg
2002.07.10 19:55 B C:\sky02\website\site2\publications\main_graphics\twdr01sm.jpg --> www.skydsp.com /usr/www/users/elawrey/skydsp/publications/main_graphics twdr01sm.jpg
