2000.10.27 16:09 B C:\uni2000\website2\4thyrthesis\audio\QPSK\Comp12dB.gif --> ludo.jcu.edu.au /home2/eng-epl/public_html/thesis/4thyrthesis/audio/QPSK Comp12dB.gif
2000.10.27 16:09 B C:\uni2000\website2\4thyrthesis\audio\QPSK\COMP12dB_QPSK.wav --> ludo.jcu.edu.au /home2/eng-epl/public_html/thesis/4thyrthesis/audio/QPSK COMP12dB_QPSK.wav
2000.10.27 16:09 B C:\uni2000\website2\4thyrthesis\audio\QPSK\Comp12dBClose.gif --> ludo.jcu.edu.au /home2/eng-epl/public_html/thesis/4thyrthesis/audio/QPSK Comp12dBClose.gif
2000.10.27 16:09 B C:\uni2000\website2\4thyrthesis\audio\QPSK\Comp12dBsm.gif --> ludo.jcu.edu.au /home2/eng-epl/public_html/thesis/4thyrthesis/audio/QPSK Comp12dBsm.gif
2000.10.27 16:09 B C:\uni2000\website2\4thyrthesis\audio\QPSK\COMP20dB_QPSK.wav --> ludo.jcu.edu.au /home2/eng-epl/public_html/thesis/4thyrthesis/audio/QPSK COMP20dB_QPSK.wav
2000.10.27 16:09 B C:\uni2000\website2\4thyrthesis\audio\QPSK\OFDM.gif --> ludo.jcu.edu.au /home2/eng-epl/public_html/thesis/4thyrthesis/audio/QPSK OFDM.gif
2000.10.27 16:09 B C:\uni2000\website2\4thyrthesis\audio\QPSK\OFDMClose.gif --> ludo.jcu.edu.au /home2/eng-epl/public_html/thesis/4thyrthesis/audio/QPSK OFDMClose.gif
2000.10.27 16:09 B C:\uni2000\website2\4thyrthesis\audio\QPSK\OFDMcomp12dB.wav --> ludo.jcu.edu.au /home2/eng-epl/public_html/thesis/4thyrthesis/audio/QPSK OFDMcomp12dB.wav
2000.10.27 16:09 B C:\uni2000\website2\4thyrthesis\audio\QPSK\OFDMsignal.wav --> ludo.jcu.edu.au /home2/eng-epl/public_html/thesis/4thyrthesis/audio/QPSK OFDMsignal.wav
2000.10.27 16:09 B C:\uni2000\website2\4thyrthesis\audio\QPSK\OFDMsignalQPSK.gif --> ludo.jcu.edu.au /home2/eng-epl/public_html/thesis/4thyrthesis/audio/QPSK OFDMsignalQPSK.gif
2000.10.27 16:09 B C:\uni2000\website2\4thyrthesis\audio\QPSK\OFDMsm.gif --> ludo.jcu.edu.au /home2/eng-epl/public_html/thesis/4thyrthesis/audio/QPSK OFDMsm.gif
2000.10.27 16:09 B C:\uni2000\website2\4thyrthesis\audio\QPSK\orig_COMP12dB.wav --> ludo.jcu.edu.au /home2/eng-epl/public_html/thesis/4thyrthesis/audio/QPSK orig_COMP12dB.wav
2000.10.27 16:09 B C:\uni2000\website2\4thyrthesis\audio\QPSK\orig_COMP20dB.wav --> ludo.jcu.edu.au /home2/eng-epl/public_html/thesis/4thyrthesis/audio/QPSK orig_COMP20dB.wav
2000.10.27 16:09 B C:\uni2000\website2\4thyrthesis\audio\QPSK\Original.wav --> ludo.jcu.edu.au /home2/eng-epl/public_html/thesis/4thyrthesis/audio/QPSK Original.wav
2000.10.27 16:09 B C:\uni2000\website2\4thyrthesis\audio\QPSK\Results.txt --> ludo.jcu.edu.au /home2/eng-epl/public_html/thesis/4thyrthesis/audio/QPSK Results.txt
2000.10.27 16:09 B C:\uni2000\website2\4thyrthesis\audio\QPSK\SNR12dB_QPSK.wav --> ludo.jcu.edu.au /home2/eng-epl/public_html/thesis/4thyrthesis/audio/QPSK SNR12dB_QPSK.wav
2000.10.27 16:09 B C:\uni2000\website2\4thyrthesis\audio\QPSK\SNR4dB_QPSK.wav --> ludo.jcu.edu.au /home2/eng-epl/public_html/thesis/4thyrthesis/audio/QPSK SNR4dB_QPSK.wav
2000.10.27 16:09 B C:\uni2000\website2\4thyrthesis\audio\QPSK\SNR8dB_QPSK.wav --> ludo.jcu.edu.au /home2/eng-epl/public_html/thesis/4thyrthesis/audio/QPSK SNR8dB_QPSK.wav
2001.11.08 21:43 B C:\uni2001h2_enull\website3\4thyrthesis\audio\QPSK\Comp12dB.gif --> stratum /c:/uni2001h2/website3/4thyrthesis/audio/QPSK Comp12dB.gif
2001.11.08 21:43 B C:\uni2001h2_enull\website3\4thyrthesis\audio\QPSK\COMP12dB_QPSK.wav --> stratum /c:/uni2001h2/website3/4thyrthesis/audio/QPSK COMP12dB_QPSK.wav
2001.11.08 21:43 B C:\uni2001h2_enull\website3\4thyrthesis\audio\QPSK\Comp12dBClose.gif --> stratum /c:/uni2001h2/website3/4thyrthesis/audio/QPSK Comp12dBClose.gif
2001.11.08 21:43 B C:\uni2001h2_enull\website3\4thyrthesis\audio\QPSK\Comp12dBsm.gif --> stratum /c:/uni2001h2/website3/4thyrthesis/audio/QPSK Comp12dBsm.gif
2001.11.08 21:43 B C:\uni2001h2_enull\website3\4thyrthesis\audio\QPSK\COMP20dB_QPSK.wav --> stratum /c:/uni2001h2/website3/4thyrthesis/audio/QPSK COMP20dB_QPSK.wav
2001.11.08 21:43 B C:\uni2001h2_enull\website3\4thyrthesis\audio\QPSK\OFDM.gif --> stratum /c:/uni2001h2/website3/4thyrthesis/audio/QPSK OFDM.gif
2001.11.08 21:43 B C:\uni2001h2_enull\website3\4thyrthesis\audio\QPSK\OFDMClose.gif --> stratum /c:/uni2001h2/website3/4thyrthesis/audio/QPSK OFDMClose.gif
2001.11.08 21:43 B C:\uni2001h2_enull\website3\4thyrthesis\audio\QPSK\OFDMcomp12dB.wav --> stratum /c:/uni2001h2/website3/4thyrthesis/audio/QPSK OFDMcomp12dB.wav
2001.11.08 21:43 B C:\uni2001h2_enull\website3\4thyrthesis\audio\QPSK\OFDMsignal.wav --> stratum /c:/uni2001h2/website3/4thyrthesis/audio/QPSK OFDMsignal.wav
2001.11.08 21:43 B C:\uni2001h2_enull\website3\4thyrthesis\audio\QPSK\OFDMsignalQPSK.gif --> stratum /c:/uni2001h2/website3/4thyrthesis/audio/QPSK OFDMsignalQPSK.gif
2001.11.08 21:43 B C:\uni2001h2_enull\website3\4thyrthesis\audio\QPSK\OFDMsm.gif --> stratum /c:/uni2001h2/website3/4thyrthesis/audio/QPSK OFDMsm.gif
2001.11.08 21:43 B C:\uni2001h2_enull\website3\4thyrthesis\audio\QPSK\orig_COMP12dB.wav --> stratum /c:/uni2001h2/website3/4thyrthesis/audio/QPSK orig_COMP12dB.wav
2001.11.08 21:43 B C:\uni2001h2_enull\website3\4thyrthesis\audio\QPSK\orig_COMP20dB.wav --> stratum /c:/uni2001h2/website3/4thyrthesis/audio/QPSK orig_COMP20dB.wav
2001.11.08 21:43 B C:\uni2001h2_enull\website3\4thyrthesis\audio\QPSK\Original.wav --> stratum /c:/uni2001h2/website3/4thyrthesis/audio/QPSK Original.wav
2001.11.08 21:43 B C:\uni2001h2_enull\website3\4thyrthesis\audio\QPSK\Results.txt --> stratum /c:/uni2001h2/website3/4thyrthesis/audio/QPSK Results.txt
2001.11.08 21:43 B C:\uni2001h2_enull\website3\4thyrthesis\audio\QPSK\SNR12dB_QPSK.wav --> stratum /c:/uni2001h2/website3/4thyrthesis/audio/QPSK SNR12dB_QPSK.wav
2001.11.08 21:43 B C:\uni2001h2_enull\website3\4thyrthesis\audio\QPSK\SNR4dB_QPSK.wav --> stratum /c:/uni2001h2/website3/4thyrthesis/audio/QPSK SNR4dB_QPSK.wav
2001.11.08 21:43 B C:\uni2001h2_enull\website3\4thyrthesis\audio\QPSK\SNR8dB_QPSK.wav --> stratum /c:/uni2001h2/website3/4thyrthesis/audio/QPSK SNR8dB_QPSK.wav
2001.12.01 00:25 B C:\skydsp01h2\website\testsite\site4\publications\4thyrthesis\audio\QPSK\Comp12dB.gif --> www.skydsp.com /usr/www/users/elawrey/skydsp/publications/4thyrthesis/audio/QPSK Comp12dB.gif
2001.12.01 00:26 B C:\skydsp01h2\website\testsite\site4\publications\4thyrthesis\audio\QPSK\COMP12dB_QPSK.wav --> www.skydsp.com /usr/www/users/elawrey/skydsp/publications/4thyrthesis/audio/QPSK COMP12dB_QPSK.wav
2001.12.01 00:26 B C:\skydsp01h2\website\testsite\site4\publications\4thyrthesis\audio\QPSK\Comp12dBClose.gif --> www.skydsp.com /usr/www/users/elawrey/skydsp/publications/4thyrthesis/audio/QPSK Comp12dBClose.gif
2001.12.01 00:26 B C:\skydsp01h2\website\testsite\site4\publications\4thyrthesis\audio\QPSK\Comp12dBsm.gif --> www.skydsp.com /usr/www/users/elawrey/skydsp/publications/4thyrthesis/audio/QPSK Comp12dBsm.gif
2001.12.01 00:26 B C:\skydsp01h2\website\testsite\site4\publications\4thyrthesis\audio\QPSK\COMP20dB_QPSK.wav --> www.skydsp.com /usr/www/users/elawrey/skydsp/publications/4thyrthesis/audio/QPSK COMP20dB_QPSK.wav
2001.12.01 00:26 B C:\skydsp01h2\website\testsite\site4\publications\4thyrthesis\audio\QPSK\OFDM.gif --> www.skydsp.com /usr/www/users/elawrey/skydsp/publications/4thyrthesis/audio/QPSK OFDM.gif
2001.12.01 00:26 B C:\skydsp01h2\website\testsite\site4\publications\4thyrthesis\audio\QPSK\OFDMClose.gif --> www.skydsp.com /usr/www/users/elawrey/skydsp/publications/4thyrthesis/audio/QPSK OFDMClose.gif
2001.12.01 00:28 B C:\skydsp01h2\website\testsite\site4\publications\4thyrthesis\audio\QPSK\OFDMcomp12dB.wav --> www.skydsp.com /usr/www/users/elawrey/skydsp/publications/4thyrthesis/audio/QPSK OFDMcomp12dB.wav
2001.12.01 00:30 B C:\skydsp01h2\website\testsite\site4\publications\4thyrthesis\audio\QPSK\OFDMsignal.wav --> www.skydsp.com /usr/www/users/elawrey/skydsp/publications/4thyrthesis/audio/QPSK OFDMsignal.wav
2001.12.01 00:30 B C:\skydsp01h2\website\testsite\site4\publications\4thyrthesis\audio\QPSK\OFDMsignalQPSK.gif --> www.skydsp.com /usr/www/users/elawrey/skydsp/publications/4thyrthesis/audio/QPSK OFDMsignalQPSK.gif
2001.12.01 00:30 B C:\skydsp01h2\website\testsite\site4\publications\4thyrthesis\audio\QPSK\OFDMsm.gif --> www.skydsp.com /usr/www/users/elawrey/skydsp/publications/4thyrthesis/audio/QPSK OFDMsm.gif
2001.12.01 00:30 B C:\skydsp01h2\website\testsite\site4\publications\4thyrthesis\audio\QPSK\orig_COMP12dB.wav --> www.skydsp.com /usr/www/users/elawrey/skydsp/publications/4thyrthesis/audio/QPSK orig_COMP12dB.wav
2001.12.01 00:30 B C:\skydsp01h2\website\testsite\site4\publications\4thyrthesis\audio\QPSK\orig_COMP20dB.wav --> www.skydsp.com /usr/www/users/elawrey/skydsp/publications/4thyrthesis/audio/QPSK orig_COMP20dB.wav
2001.12.01 00:31 B C:\skydsp01h2\website\testsite\site4\publications\4thyrthesis\audio\QPSK\Original.wav --> www.skydsp.com /usr/www/users/elawrey/skydsp/publications/4thyrthesis/audio/QPSK Original.wav
2001.12.01 00:31 B C:\skydsp01h2\website\testsite\site4\publications\4thyrthesis\audio\QPSK\Results.txt --> www.skydsp.com /usr/www/users/elawrey/skydsp/publications/4thyrthesis/audio/QPSK Results.txt
2001.12.01 00:31 B C:\skydsp01h2\website\testsite\site4\publications\4thyrthesis\audio\QPSK\SNR12dB_QPSK.wav --> www.skydsp.com /usr/www/users/elawrey/skydsp/publications/4thyrthesis/audio/QPSK SNR12dB_QPSK.wav
2001.12.01 00:31 B C:\skydsp01h2\website\testsite\site4\publications\4thyrthesis\audio\QPSK\SNR4dB_QPSK.wav --> www.skydsp.com /usr/www/users/elawrey/skydsp/publications/4thyrthesis/audio/QPSK SNR4dB_QPSK.wav
2001.12.01 00:31 B C:\skydsp01h2\website\testsite\site4\publications\4thyrthesis\audio\QPSK\SNR8dB_QPSK.wav --> www.skydsp.com /usr/www/users/elawrey/skydsp/publications/4thyrthesis/audio/QPSK SNR8dB_QPSK.wav
2001.12.01 00:31 B C:\skydsp01h2\website\testsite\site4\publications\4thyrthesis\audio\QPSK\WS_FTP.LOG --> www.skydsp.com /usr/www/users/elawrey/skydsp/publications/4thyrthesis/audio/QPSK WS_FTP.LOG
2002.06.26 22:53 B C:\sky02\website\site2\publications\4thyrthesis\audio\QPSK\Comp12dB.gif --> www.skydsp.com /usr/www/users/elawrey/skydsp/publications/4thyrthesis/audio/QPSK Comp12dB.gif
2002.06.26 22:53 B C:\sky02\website\site2\publications\4thyrthesis\audio\QPSK\COMP12dB_QPSK.wav --> www.skydsp.com /usr/www/users/elawrey/skydsp/publications/4thyrthesis/audio/QPSK COMP12dB_QPSK.wav
2002.06.26 22:53 B C:\sky02\website\site2\publications\4thyrthesis\audio\QPSK\Comp12dBClose.gif --> www.skydsp.com /usr/www/users/elawrey/skydsp/publications/4thyrthesis/audio/QPSK Comp12dBClose.gif
2002.06.26 22:53 B C:\sky02\website\site2\publications\4thyrthesis\audio\QPSK\Comp12dBsm.gif --> www.skydsp.com /usr/www/users/elawrey/skydsp/publications/4thyrthesis/audio/QPSK Comp12dBsm.gif
2002.06.26 22:53 B C:\sky02\website\site2\publications\4thyrthesis\audio\QPSK\COMP20dB_QPSK.wav --> www.skydsp.com /usr/www/users/elawrey/skydsp/publications/4thyrthesis/audio/QPSK COMP20dB_QPSK.wav
2002.06.26 22:53 B C:\sky02\website\site2\publications\4thyrthesis\audio\QPSK\OFDM.gif --> www.skydsp.com /usr/www/users/elawrey/skydsp/publications/4thyrthesis/audio/QPSK OFDM.gif
2002.06.26 22:53 B C:\sky02\website\site2\publications\4thyrthesis\audio\QPSK\OFDMClose.gif --> www.skydsp.com /usr/www/users/elawrey/skydsp/publications/4thyrthesis/audio/QPSK OFDMClose.gif
2002.06.26 22:55 B C:\sky02\website\site2\publications\4thyrthesis\audio\QPSK\OFDMcomp12dB.wav --> www.skydsp.com /usr/www/users/elawrey/skydsp/publications/4thyrthesis/audio/QPSK OFDMcomp12dB.wav
2002.06.26 22:57 B C:\sky02\website\site2\publications\4thyrthesis\audio\QPSK\OFDMsignal.wav --> www.skydsp.com /usr/www/users/elawrey/skydsp/publications/4thyrthesis/audio/QPSK OFDMsignal.wav
2002.06.26 22:57 B C:\sky02\website\site2\publications\4thyrthesis\audio\QPSK\OFDMsignalQPSK.gif --> www.skydsp.com /usr/www/users/elawrey/skydsp/publications/4thyrthesis/audio/QPSK OFDMsignalQPSK.gif
2002.06.26 22:57 B C:\sky02\website\site2\publications\4thyrthesis\audio\QPSK\OFDMsm.gif --> www.skydsp.com /usr/www/users/elawrey/skydsp/publications/4thyrthesis/audio/QPSK OFDMsm.gif
2002.06.26 22:57 B C:\sky02\website\site2\publications\4thyrthesis\audio\QPSK\orig_COMP12dB.wav --> www.skydsp.com /usr/www/users/elawrey/skydsp/publications/4thyrthesis/audio/QPSK orig_COMP12dB.wav
2002.06.26 22:57 B C:\sky02\website\site2\publications\4thyrthesis\audio\QPSK\orig_COMP20dB.wav --> www.skydsp.com /usr/www/users/elawrey/skydsp/publications/4thyrthesis/audio/QPSK orig_COMP20dB.wav
2002.06.26 22:58 B C:\sky02\website\site2\publications\4thyrthesis\audio\QPSK\Original.wav --> www.skydsp.com /usr/www/users/elawrey/skydsp/publications/4thyrthesis/audio/QPSK Original.wav
2002.06.26 22:58 B C:\sky02\website\site2\publications\4thyrthesis\audio\QPSK\Results.txt --> www.skydsp.com /usr/www/users/elawrey/skydsp/publications/4thyrthesis/audio/QPSK Results.txt
2002.06.26 22:58 B C:\sky02\website\site2\publications\4thyrthesis\audio\QPSK\SNR12dB_QPSK.wav --> www.skydsp.com /usr/www/users/elawrey/skydsp/publications/4thyrthesis/audio/QPSK SNR12dB_QPSK.wav
2002.06.26 22:58 B C:\sky02\website\site2\publications\4thyrthesis\audio\QPSK\SNR4dB_QPSK.wav --> www.skydsp.com /usr/www/users/elawrey/skydsp/publications/4thyrthesis/audio/QPSK SNR4dB_QPSK.wav
2002.06.26 22:58 B C:\sky02\website\site2\publications\4thyrthesis\audio\QPSK\SNR8dB_QPSK.wav --> www.skydsp.com /usr/www/users/elawrey/skydsp/publications/4thyrthesis/audio/QPSK SNR8dB_QPSK.wav
2002.06.26 22:58 B C:\sky02\website\site2\publications\4thyrthesis\audio\QPSK\WS_FTP.LOG --> www.skydsp.com /usr/www/users/elawrey/skydsp/publications/4thyrthesis/audio/QPSK WS_FTP.LOG
2002.07.10 19:43 B C:\sky02\website\site2\publications\4thyrthesis\audio\QPSK\Comp12dB.gif --> www.skydsp.com /usr/www/users/elawrey/skydsp/publications/4thyrthesis/audio/QPSK Comp12dB.gif
2002.07.10 19:43 B C:\sky02\website\site2\publications\4thyrthesis\audio\QPSK\COMP12dB_QPSK.wav --> www.skydsp.com /usr/www/users/elawrey/skydsp/publications/4thyrthesis/audio/QPSK COMP12dB_QPSK.wav
2002.07.10 19:43 B C:\sky02\website\site2\publications\4thyrthesis\audio\QPSK\Comp12dBClose.gif --> www.skydsp.com /usr/www/users/elawrey/skydsp/publications/4thyrthesis/audio/QPSK Comp12dBClose.gif
2002.07.10 19:43 B C:\sky02\website\site2\publications\4thyrthesis\audio\QPSK\Comp12dBsm.gif --> www.skydsp.com /usr/www/users/elawrey/skydsp/publications/4thyrthesis/audio/QPSK Comp12dBsm.gif
2002.07.10 19:44 B C:\sky02\website\site2\publications\4thyrthesis\audio\QPSK\COMP20dB_QPSK.wav --> www.skydsp.com /usr/www/users/elawrey/skydsp/publications/4thyrthesis/audio/QPSK COMP20dB_QPSK.wav
2002.07.10 19:44 B C:\sky02\website\site2\publications\4thyrthesis\audio\QPSK\OFDM.gif --> www.skydsp.com /usr/www/users/elawrey/skydsp/publications/4thyrthesis/audio/QPSK OFDM.gif
2002.07.10 19:44 B C:\sky02\website\site2\publications\4thyrthesis\audio\QPSK\OFDMClose.gif --> www.skydsp.com /usr/www/users/elawrey/skydsp/publications/4thyrthesis/audio/QPSK OFDMClose.gif
2002.07.10 19:44 B C:\sky02\website\site2\publications\4thyrthesis\audio\QPSK\OFDMsignalQPSK.gif --> www.skydsp.com /usr/www/users/elawrey/skydsp/publications/4thyrthesis/audio/QPSK OFDMsignalQPSK.gif
2002.07.10 19:44 B C:\sky02\website\site2\publications\4thyrthesis\audio\QPSK\OFDMsm.gif --> www.skydsp.com /usr/www/users/elawrey/skydsp/publications/4thyrthesis/audio/QPSK OFDMsm.gif
2002.07.10 19:44 B C:\sky02\website\site2\publications\4thyrthesis\audio\QPSK\orig_COMP12dB.wav --> www.skydsp.com /usr/www/users/elawrey/skydsp/publications/4thyrthesis/audio/QPSK orig_COMP12dB.wav
2002.07.10 19:44 B C:\sky02\website\site2\publications\4thyrthesis\audio\QPSK\orig_COMP20dB.wav --> www.skydsp.com /usr/www/users/elawrey/skydsp/publications/4thyrthesis/audio/QPSK orig_COMP20dB.wav
2002.07.10 19:44 B C:\sky02\website\site2\publications\4thyrthesis\audio\QPSK\Original.wav --> www.skydsp.com /usr/www/users/elawrey/skydsp/publications/4thyrthesis/audio/QPSK Original.wav
2002.07.10 19:44 B C:\sky02\website\site2\publications\4thyrthesis\audio\QPSK\Results.txt --> www.skydsp.com /usr/www/users/elawrey/skydsp/publications/4thyrthesis/audio/QPSK Results.txt
2002.07.10 19:44 B C:\sky02\website\site2\publications\4thyrthesis\audio\QPSK\SNR12dB_QPSK.wav --> www.skydsp.com /usr/www/users/elawrey/skydsp/publications/4thyrthesis/audio/QPSK SNR12dB_QPSK.wav
2002.07.10 19:45 B C:\sky02\website\site2\publications\4thyrthesis\audio\QPSK\SNR4dB_QPSK.wav --> www.skydsp.com /usr/www/users/elawrey/skydsp/publications/4thyrthesis/audio/QPSK SNR4dB_QPSK.wav
2002.07.10 19:45 B C:\sky02\website\site2\publications\4thyrthesis\audio\QPSK\SNR8dB_QPSK.wav --> www.skydsp.com /usr/www/users/elawrey/skydsp/publications/4thyrthesis/audio/QPSK SNR8dB_QPSK.wav
