2000.10.27 16:09 B C:\uni2000\website2\4thyrthesis\appendix.htm --> ludo.jcu.edu.au /home2/eng-epl/public_html/thesis/4thyrthesis appendix.htm
2000.10.27 16:09 B C:\uni2000\website2\4thyrthesis\chapter1.htm --> ludo.jcu.edu.au /home2/eng-epl/public_html/thesis/4thyrthesis chapter1.htm
2000.10.27 16:09 B C:\uni2000\website2\4thyrthesis\chapter2.htm --> ludo.jcu.edu.au /home2/eng-epl/public_html/thesis/4thyrthesis chapter2.htm
2000.10.27 16:09 B C:\uni2000\website2\4thyrthesis\chapter3.htm --> ludo.jcu.edu.au /home2/eng-epl/public_html/thesis/4thyrthesis chapter3.htm
2000.10.27 16:09 B C:\uni2000\website2\4thyrthesis\chapter4.htm --> ludo.jcu.edu.au /home2/eng-epl/public_html/thesis/4thyrthesis chapter4.htm
2000.10.27 16:09 B C:\uni2000\website2\4thyrthesis\code.html --> ludo.jcu.edu.au /home2/eng-epl/public_html/thesis/4thyrthesis code.html
2000.10.27 16:09 B C:\uni2000\website2\4thyrthesis\Image10.gif --> ludo.jcu.edu.au /home2/eng-epl/public_html/thesis/4thyrthesis Image10.gif
2000.10.27 16:09 B C:\uni2000\website2\4thyrthesis\Image11.gif --> ludo.jcu.edu.au /home2/eng-epl/public_html/thesis/4thyrthesis Image11.gif
2000.10.27 16:09 B C:\uni2000\website2\4thyrthesis\Image12.gif --> ludo.jcu.edu.au /home2/eng-epl/public_html/thesis/4thyrthesis Image12.gif
2000.10.27 16:09 B C:\uni2000\website2\4thyrthesis\Image13.gif --> ludo.jcu.edu.au /home2/eng-epl/public_html/thesis/4thyrthesis Image13.gif
2000.10.27 16:09 B C:\uni2000\website2\4thyrthesis\Image14.gif --> ludo.jcu.edu.au /home2/eng-epl/public_html/thesis/4thyrthesis Image14.gif
2000.10.27 16:09 B C:\uni2000\website2\4thyrthesis\Image15.gif --> ludo.jcu.edu.au /home2/eng-epl/public_html/thesis/4thyrthesis Image15.gif
2000.10.27 16:09 B C:\uni2000\website2\4thyrthesis\Image16.gif --> ludo.jcu.edu.au /home2/eng-epl/public_html/thesis/4thyrthesis Image16.gif
2000.10.27 16:09 B C:\uni2000\website2\4thyrthesis\Image17.gif --> ludo.jcu.edu.au /home2/eng-epl/public_html/thesis/4thyrthesis Image17.gif
2000.10.27 16:09 B C:\uni2000\website2\4thyrthesis\Image18.gif --> ludo.jcu.edu.au /home2/eng-epl/public_html/thesis/4thyrthesis Image18.gif
2000.10.27 16:09 B C:\uni2000\website2\4thyrthesis\Image19.gif --> ludo.jcu.edu.au /home2/eng-epl/public_html/thesis/4thyrthesis Image19.gif
2000.10.27 16:09 B C:\uni2000\website2\4thyrthesis\Image20.gif --> ludo.jcu.edu.au /home2/eng-epl/public_html/thesis/4thyrthesis Image20.gif
2000.10.27 16:09 B C:\uni2000\website2\4thyrthesis\Image21.gif --> ludo.jcu.edu.au /home2/eng-epl/public_html/thesis/4thyrthesis Image21.gif
2000.10.27 16:09 B C:\uni2000\website2\4thyrthesis\Image22.gif --> ludo.jcu.edu.au /home2/eng-epl/public_html/thesis/4thyrthesis Image22.gif
2000.10.27 16:09 B C:\uni2000\website2\4thyrthesis\Image23.gif --> ludo.jcu.edu.au /home2/eng-epl/public_html/thesis/4thyrthesis Image23.gif
2000.10.27 16:09 B C:\uni2000\website2\4thyrthesis\Image24.gif --> ludo.jcu.edu.au /home2/eng-epl/public_html/thesis/4thyrthesis Image24.gif
2000.10.27 16:09 B C:\uni2000\website2\4thyrthesis\Image25.gif --> ludo.jcu.edu.au /home2/eng-epl/public_html/thesis/4thyrthesis Image25.gif
2000.10.27 16:09 B C:\uni2000\website2\4thyrthesis\Image26.gif --> ludo.jcu.edu.au /home2/eng-epl/public_html/thesis/4thyrthesis Image26.gif
2000.10.27 16:09 B C:\uni2000\website2\4thyrthesis\Image27.gif --> ludo.jcu.edu.au /home2/eng-epl/public_html/thesis/4thyrthesis Image27.gif
2000.10.27 16:09 B C:\uni2000\website2\4thyrthesis\Image28.gif --> ludo.jcu.edu.au /home2/eng-epl/public_html/thesis/4thyrthesis Image28.gif
2000.10.27 16:09 B C:\uni2000\website2\4thyrthesis\Image29.gif --> ludo.jcu.edu.au /home2/eng-epl/public_html/thesis/4thyrthesis Image29.gif
2000.10.27 16:09 B C:\uni2000\website2\4thyrthesis\Image30.gif --> ludo.jcu.edu.au /home2/eng-epl/public_html/thesis/4thyrthesis Image30.gif
2000.10.27 16:09 B C:\uni2000\website2\4thyrthesis\Image31.gif --> ludo.jcu.edu.au /home2/eng-epl/public_html/thesis/4thyrthesis Image31.gif
2000.10.27 16:09 B C:\uni2000\website2\4thyrthesis\Image32.gif --> ludo.jcu.edu.au /home2/eng-epl/public_html/thesis/4thyrthesis Image32.gif
2000.10.27 16:09 B C:\uni2000\website2\4thyrthesis\Image33.gif --> ludo.jcu.edu.au /home2/eng-epl/public_html/thesis/4thyrthesis Image33.gif
2000.10.27 16:09 B C:\uni2000\website2\4thyrthesis\Image34.gif --> ludo.jcu.edu.au /home2/eng-epl/public_html/thesis/4thyrthesis Image34.gif
2000.10.27 16:09 B C:\uni2000\website2\4thyrthesis\Image35.gif --> ludo.jcu.edu.au /home2/eng-epl/public_html/thesis/4thyrthesis Image35.gif
2000.10.27 16:09 B C:\uni2000\website2\4thyrthesis\Image36.gif --> ludo.jcu.edu.au /home2/eng-epl/public_html/thesis/4thyrthesis Image36.gif
2000.10.27 16:09 B C:\uni2000\website2\4thyrthesis\Image37.gif --> ludo.jcu.edu.au /home2/eng-epl/public_html/thesis/4thyrthesis Image37.gif
2000.10.27 16:09 B C:\uni2000\website2\4thyrthesis\Image38.gif --> ludo.jcu.edu.au /home2/eng-epl/public_html/thesis/4thyrthesis Image38.gif
2000.10.27 16:09 B C:\uni2000\website2\4thyrthesis\Image39.gif --> ludo.jcu.edu.au /home2/eng-epl/public_html/thesis/4thyrthesis Image39.gif
2000.10.27 16:09 B C:\uni2000\website2\4thyrthesis\Image40.gif --> ludo.jcu.edu.au /home2/eng-epl/public_html/thesis/4thyrthesis Image40.gif
2000.10.27 16:09 B C:\uni2000\website2\4thyrthesis\Image41.gif --> ludo.jcu.edu.au /home2/eng-epl/public_html/thesis/4thyrthesis Image41.gif
2000.10.27 16:09 B C:\uni2000\website2\4thyrthesis\Image42.gif --> ludo.jcu.edu.au /home2/eng-epl/public_html/thesis/4thyrthesis Image42.gif
2000.10.27 16:09 B C:\uni2000\website2\4thyrthesis\Image43.gif --> ludo.jcu.edu.au /home2/eng-epl/public_html/thesis/4thyrthesis Image43.gif
2000.10.27 16:09 B C:\uni2000\website2\4thyrthesis\Image44.gif --> ludo.jcu.edu.au /home2/eng-epl/public_html/thesis/4thyrthesis Image44.gif
2000.10.27 16:09 B C:\uni2000\website2\4thyrthesis\Image45.gif --> ludo.jcu.edu.au /home2/eng-epl/public_html/thesis/4thyrthesis Image45.gif
2000.10.27 16:09 B C:\uni2000\website2\4thyrthesis\Image46.gif --> ludo.jcu.edu.au /home2/eng-epl/public_html/thesis/4thyrthesis Image46.gif
2000.10.27 16:09 B C:\uni2000\website2\4thyrthesis\Image47.gif --> ludo.jcu.edu.au /home2/eng-epl/public_html/thesis/4thyrthesis Image47.gif
2000.10.27 16:09 B C:\uni2000\website2\4thyrthesis\Image48.gif --> ludo.jcu.edu.au /home2/eng-epl/public_html/thesis/4thyrthesis Image48.gif
2000.10.27 16:09 B C:\uni2000\website2\4thyrthesis\Image49.gif --> ludo.jcu.edu.au /home2/eng-epl/public_html/thesis/4thyrthesis Image49.gif
2000.10.27 16:09 B C:\uni2000\website2\4thyrthesis\Image5.gif --> ludo.jcu.edu.au /home2/eng-epl/public_html/thesis/4thyrthesis Image5.gif
2000.10.27 16:09 B C:\uni2000\website2\4thyrthesis\Image50.gif --> ludo.jcu.edu.au /home2/eng-epl/public_html/thesis/4thyrthesis Image50.gif
2000.10.27 16:09 B C:\uni2000\website2\4thyrthesis\Image51.gif --> ludo.jcu.edu.au /home2/eng-epl/public_html/thesis/4thyrthesis Image51.gif
2000.10.27 16:09 B C:\uni2000\website2\4thyrthesis\Image52.gif --> ludo.jcu.edu.au /home2/eng-epl/public_html/thesis/4thyrthesis Image52.gif
2000.10.27 16:09 B C:\uni2000\website2\4thyrthesis\Image53.gif --> ludo.jcu.edu.au /home2/eng-epl/public_html/thesis/4thyrthesis Image53.gif
2000.10.27 16:09 B C:\uni2000\website2\4thyrthesis\Image54.gif --> ludo.jcu.edu.au /home2/eng-epl/public_html/thesis/4thyrthesis Image54.gif
2000.10.27 16:09 B C:\uni2000\website2\4thyrthesis\Image55.gif --> ludo.jcu.edu.au /home2/eng-epl/public_html/thesis/4thyrthesis Image55.gif
2000.10.27 16:09 B C:\uni2000\website2\4thyrthesis\Image56.gif --> ludo.jcu.edu.au /home2/eng-epl/public_html/thesis/4thyrthesis Image56.gif
2000.10.27 16:09 B C:\uni2000\website2\4thyrthesis\Image57.gif --> ludo.jcu.edu.au /home2/eng-epl/public_html/thesis/4thyrthesis Image57.gif
2000.10.27 16:09 B C:\uni2000\website2\4thyrthesis\Image58.gif --> ludo.jcu.edu.au /home2/eng-epl/public_html/thesis/4thyrthesis Image58.gif
2000.10.27 16:09 B C:\uni2000\website2\4thyrthesis\Image59.gif --> ludo.jcu.edu.au /home2/eng-epl/public_html/thesis/4thyrthesis Image59.gif
2000.10.27 16:09 B C:\uni2000\website2\4thyrthesis\Image6.gif --> ludo.jcu.edu.au /home2/eng-epl/public_html/thesis/4thyrthesis Image6.gif
2000.10.27 16:09 B C:\uni2000\website2\4thyrthesis\Image60.gif --> ludo.jcu.edu.au /home2/eng-epl/public_html/thesis/4thyrthesis Image60.gif
2000.10.27 16:09 B C:\uni2000\website2\4thyrthesis\Image61.gif --> ludo.jcu.edu.au /home2/eng-epl/public_html/thesis/4thyrthesis Image61.gif
2000.10.27 16:09 B C:\uni2000\website2\4thyrthesis\Image62.gif --> ludo.jcu.edu.au /home2/eng-epl/public_html/thesis/4thyrthesis Image62.gif
2000.10.27 16:09 B C:\uni2000\website2\4thyrthesis\Image63.gif --> ludo.jcu.edu.au /home2/eng-epl/public_html/thesis/4thyrthesis Image63.gif
2000.10.27 16:09 B C:\uni2000\website2\4thyrthesis\Image64.gif --> ludo.jcu.edu.au /home2/eng-epl/public_html/thesis/4thyrthesis Image64.gif
2000.10.27 16:09 B C:\uni2000\website2\4thyrthesis\Image65.gif --> ludo.jcu.edu.au /home2/eng-epl/public_html/thesis/4thyrthesis Image65.gif
2000.10.27 16:09 B C:\uni2000\website2\4thyrthesis\Image66.gif --> ludo.jcu.edu.au /home2/eng-epl/public_html/thesis/4thyrthesis Image66.gif
2000.10.27 16:09 B C:\uni2000\website2\4thyrthesis\Image67.gif --> ludo.jcu.edu.au /home2/eng-epl/public_html/thesis/4thyrthesis Image67.gif
2000.10.27 16:09 B C:\uni2000\website2\4thyrthesis\Image68.gif --> ludo.jcu.edu.au /home2/eng-epl/public_html/thesis/4thyrthesis Image68.gif
2000.10.27 16:09 B C:\uni2000\website2\4thyrthesis\Image69.gif --> ludo.jcu.edu.au /home2/eng-epl/public_html/thesis/4thyrthesis Image69.gif
2000.10.27 16:09 B C:\uni2000\website2\4thyrthesis\Image70.gif --> ludo.jcu.edu.au /home2/eng-epl/public_html/thesis/4thyrthesis Image70.gif
2000.10.27 16:09 B C:\uni2000\website2\4thyrthesis\Image71.gif --> ludo.jcu.edu.au /home2/eng-epl/public_html/thesis/4thyrthesis Image71.gif
2000.10.27 16:09 B C:\uni2000\website2\4thyrthesis\Image72.gif --> ludo.jcu.edu.au /home2/eng-epl/public_html/thesis/4thyrthesis Image72.gif
2000.10.27 16:09 B C:\uni2000\website2\4thyrthesis\Image73.gif --> ludo.jcu.edu.au /home2/eng-epl/public_html/thesis/4thyrthesis Image73.gif
2000.10.27 16:09 B C:\uni2000\website2\4thyrthesis\Image74.gif --> ludo.jcu.edu.au /home2/eng-epl/public_html/thesis/4thyrthesis Image74.gif
2000.10.27 16:09 B C:\uni2000\website2\4thyrthesis\Image75.gif --> ludo.jcu.edu.au /home2/eng-epl/public_html/thesis/4thyrthesis Image75.gif
2000.10.27 16:09 B C:\uni2000\website2\4thyrthesis\Image76.gif --> ludo.jcu.edu.au /home2/eng-epl/public_html/thesis/4thyrthesis Image76.gif
2000.10.27 16:09 B C:\uni2000\website2\4thyrthesis\Image77.gif --> ludo.jcu.edu.au /home2/eng-epl/public_html/thesis/4thyrthesis Image77.gif
2000.10.27 16:09 B C:\uni2000\website2\4thyrthesis\Image78.gif --> ludo.jcu.edu.au /home2/eng-epl/public_html/thesis/4thyrthesis Image78.gif
2000.10.27 16:09 B C:\uni2000\website2\4thyrthesis\Image79.gif --> ludo.jcu.edu.au /home2/eng-epl/public_html/thesis/4thyrthesis Image79.gif
2000.10.27 16:09 B C:\uni2000\website2\4thyrthesis\Image8.gif --> ludo.jcu.edu.au /home2/eng-epl/public_html/thesis/4thyrthesis Image8.gif
2000.10.27 16:09 B C:\uni2000\website2\4thyrthesis\Image80.gif --> ludo.jcu.edu.au /home2/eng-epl/public_html/thesis/4thyrthesis Image80.gif
2000.10.27 16:09 B C:\uni2000\website2\4thyrthesis\Image81.gif --> ludo.jcu.edu.au /home2/eng-epl/public_html/thesis/4thyrthesis Image81.gif
2000.10.27 16:09 B C:\uni2000\website2\4thyrthesis\Image82.gif --> ludo.jcu.edu.au /home2/eng-epl/public_html/thesis/4thyrthesis Image82.gif
2000.10.27 16:09 B C:\uni2000\website2\4thyrthesis\Image83.gif --> ludo.jcu.edu.au /home2/eng-epl/public_html/thesis/4thyrthesis Image83.gif
2000.10.27 16:09 B C:\uni2000\website2\4thyrthesis\Image84.gif --> ludo.jcu.edu.au /home2/eng-epl/public_html/thesis/4thyrthesis Image84.gif
2000.10.27 16:09 B C:\uni2000\website2\4thyrthesis\Image85.gif --> ludo.jcu.edu.au /home2/eng-epl/public_html/thesis/4thyrthesis Image85.gif
2000.10.27 16:09 B C:\uni2000\website2\4thyrthesis\Image86.gif --> ludo.jcu.edu.au /home2/eng-epl/public_html/thesis/4thyrthesis Image86.gif
2000.10.27 16:09 B C:\uni2000\website2\4thyrthesis\Image87.gif --> ludo.jcu.edu.au /home2/eng-epl/public_html/thesis/4thyrthesis Image87.gif
2000.10.27 16:09 B C:\uni2000\website2\4thyrthesis\Image88.gif --> ludo.jcu.edu.au /home2/eng-epl/public_html/thesis/4thyrthesis Image88.gif
2000.10.27 16:09 B C:\uni2000\website2\4thyrthesis\Image9.gif --> ludo.jcu.edu.au /home2/eng-epl/public_html/thesis/4thyrthesis Image9.gif
2000.10.27 16:09 B C:\uni2000\website2\4thyrthesis\index.html --> ludo.jcu.edu.au /home2/eng-epl/public_html/thesis/4thyrthesis index.html
2000.10.27 16:09 B C:\uni2000\website2\4thyrthesis\matlab.gif --> ludo.jcu.edu.au /home2/eng-epl/public_html/thesis/4thyrthesis matlab.gif
2000.10.27 16:09 B C:\uni2000\website2\4thyrthesis\new.gif --> ludo.jcu.edu.au /home2/eng-epl/public_html/thesis/4thyrthesis new.gif
2000.10.27 16:09 B C:\uni2000\website2\4thyrthesis\OFDMcode.zip --> ludo.jcu.edu.au /home2/eng-epl/public_html/thesis/4thyrthesis OFDMcode.zip
2000.10.27 16:09 B C:\uni2000\website2\4thyrthesis\ofdmmatlab5.zip --> ludo.jcu.edu.au /home2/eng-epl/public_html/thesis/4thyrthesis ofdmmatlab5.zip
2000.10.27 16:09 B C:\uni2000\website2\4thyrthesis\pdf.gif --> ludo.jcu.edu.au /home2/eng-epl/public_html/thesis/4thyrthesis pdf.gif
2000.10.27 16:09 B C:\uni2000\website2\4thyrthesis\s0022_twiconpale30pix.gif --> ludo.jcu.edu.au /home2/eng-epl/public_html/thesis/4thyrthesis s0022_twiconpale30pix.gif
2000.10.27 16:09 B C:\uni2000\website2\4thyrthesis\sound.gif --> ludo.jcu.edu.au /home2/eng-epl/public_html/thesis/4thyrthesis sound.gif
2000.10.27 16:09 B C:\uni2000\website2\4thyrthesis\Thesis.htm --> ludo.jcu.edu.au /home2/eng-epl/public_html/thesis/4thyrthesis Thesis.htm
2000.10.27 16:09 B C:\uni2000\website2\4thyrthesis\Thesis_Eric_Lawrey_OFDM_vs_CDMA.pdf --> ludo.jcu.edu.au /home2/eng-epl/public_html/thesis/4thyrthesis Thesis_Eric_Lawrey_OFDM_vs_CDMA.pdf
2000.10.27 16:09 B C:\uni2000\website2\4thyrthesis\thesissim.zip --> ludo.jcu.edu.au /home2/eng-epl/public_html/thesis/4thyrthesis thesissim.zip
2001.11.08 21:43 B C:\uni2001h2_enull\website3\4thyrthesis\appendix.htm --> stratum /c:/uni2001h2/website3/4thyrthesis appendix.htm
2001.11.08 21:43 B C:\uni2001h2_enull\website3\4thyrthesis\BERvsClipping.gif --> stratum /c:/uni2001h2/website3/4thyrthesis BERvsClipping.gif
2001.11.08 21:43 B C:\uni2001h2_enull\website3\4thyrthesis\BERvsMultipath.gif --> stratum /c:/uni2001h2/website3/4thyrthesis BERvsMultipath.gif
2001.11.08 21:43 B C:\uni2001h2_enull\website3\4thyrthesis\BERvsNoise.gif --> stratum /c:/uni2001h2/website3/4thyrthesis BERvsNoise.gif
2001.11.08 21:43 B C:\uni2001h2_enull\website3\4thyrthesis\BERvsTimeErr.gif --> stratum /c:/uni2001h2/website3/4thyrthesis BERvsTimeErr.gif
2001.11.08 21:43 B C:\uni2001h2_enull\website3\4thyrthesis\BERvsUsers.gif --> stratum /c:/uni2001h2/website3/4thyrthesis BERvsUsers.gif
2001.11.08 21:43 B C:\uni2001h2_enull\website3\4thyrthesis\CDMA.jpg --> stratum /c:/uni2001h2/website3/4thyrthesis CDMA.jpg
2001.11.08 21:43 B C:\uni2001h2_enull\website3\4thyrthesis\CDMA_BERvsMultipath.gif --> stratum /c:/uni2001h2/website3/4thyrthesis CDMA_BERvsMultipath.gif
2001.11.08 21:43 B C:\uni2001h2_enull\website3\4thyrthesis\CDMA_BERvsNoise.gif --> stratum /c:/uni2001h2/website3/4thyrthesis CDMA_BERvsNoise.gif
2001.11.08 21:43 B C:\uni2001h2_enull\website3\4thyrthesis\CDMA_Clipping.gif --> stratum /c:/uni2001h2/website3/4thyrthesis CDMA_Clipping.gif
2001.11.08 21:43 B C:\uni2001h2_enull\website3\4thyrthesis\CDMA_EquivUsers.gif --> stratum /c:/uni2001h2/website3/4thyrthesis CDMA_EquivUsers.gif
2001.11.08 21:43 B C:\uni2001h2_enull\website3\4thyrthesis\chapter1.htm --> stratum /c:/uni2001h2/website3/4thyrthesis chapter1.htm
2001.11.08 21:43 B C:\uni2001h2_enull\website3\4thyrthesis\chapter2.htm --> stratum /c:/uni2001h2/website3/4thyrthesis chapter2.htm
2001.11.08 21:43 B C:\uni2001h2_enull\website3\4thyrthesis\chapter3.htm --> stratum /c:/uni2001h2/website3/4thyrthesis chapter3.htm
2001.11.08 21:43 B C:\uni2001h2_enull\website3\4thyrthesis\chapter4.htm --> stratum /c:/uni2001h2/website3/4thyrthesis chapter4.htm
2001.11.08 21:43 B C:\uni2001h2_enull\website3\4thyrthesis\code.html --> stratum /c:/uni2001h2/website3/4thyrthesis code.html
2001.11.08 21:43 B C:\uni2001h2_enull\website3\4thyrthesis\delayspread.gif --> stratum /c:/uni2001h2/website3/4thyrthesis delayspread.gif
2001.11.08 21:43 B C:\uni2001h2_enull\website3\4thyrthesis\FDMA.jpg --> stratum /c:/uni2001h2/website3/4thyrthesis FDMA.jpg
2001.11.08 21:43 B C:\uni2001h2_enull\website3\4thyrthesis\FDMA_TDMA.jpg --> stratum /c:/uni2001h2/website3/4thyrthesis FDMA_TDMA.jpg
2001.11.08 21:43 B C:\uni2001h2_enull\website3\4thyrthesis\Image10.gif --> stratum /c:/uni2001h2/website3/4thyrthesis Image10.gif
2001.11.08 21:43 B C:\uni2001h2_enull\website3\4thyrthesis\Image11.gif --> stratum /c:/uni2001h2/website3/4thyrthesis Image11.gif
2001.11.08 21:43 B C:\uni2001h2_enull\website3\4thyrthesis\Image13.gif --> stratum /c:/uni2001h2/website3/4thyrthesis Image13.gif
2001.11.08 21:43 B C:\uni2001h2_enull\website3\4thyrthesis\Image14.gif --> stratum /c:/uni2001h2/website3/4thyrthesis Image14.gif
2001.11.08 21:43 B C:\uni2001h2_enull\website3\4thyrthesis\Image17.gif --> stratum /c:/uni2001h2/website3/4thyrthesis Image17.gif
2001.11.08 21:43 B C:\uni2001h2_enull\website3\4thyrthesis\Image18.gif --> stratum /c:/uni2001h2/website3/4thyrthesis Image18.gif
2001.11.08 21:43 B C:\uni2001h2_enull\website3\4thyrthesis\Image19.gif --> stratum /c:/uni2001h2/website3/4thyrthesis Image19.gif
2001.11.08 21:43 B C:\uni2001h2_enull\website3\4thyrthesis\Image20.gif --> stratum /c:/uni2001h2/website3/4thyrthesis Image20.gif
2001.11.08 21:43 B C:\uni2001h2_enull\website3\4thyrthesis\Image21.gif --> stratum /c:/uni2001h2/website3/4thyrthesis Image21.gif
2001.11.08 21:43 B C:\uni2001h2_enull\website3\4thyrthesis\Image22.gif --> stratum /c:/uni2001h2/website3/4thyrthesis Image22.gif
2001.11.08 21:43 B C:\uni2001h2_enull\website3\4thyrthesis\Image23.gif --> stratum /c:/uni2001h2/website3/4thyrthesis Image23.gif
2001.11.08 21:43 B C:\uni2001h2_enull\website3\4thyrthesis\Image25.gif --> stratum /c:/uni2001h2/website3/4thyrthesis Image25.gif
2001.11.08 21:43 B C:\uni2001h2_enull\website3\4thyrthesis\Image26.gif --> stratum /c:/uni2001h2/website3/4thyrthesis Image26.gif
2001.11.08 21:43 B C:\uni2001h2_enull\website3\4thyrthesis\Image31.gif --> stratum /c:/uni2001h2/website3/4thyrthesis Image31.gif
2001.11.08 21:43 B C:\uni2001h2_enull\website3\4thyrthesis\Image32.gif --> stratum /c:/uni2001h2/website3/4thyrthesis Image32.gif
2001.11.08 21:43 B C:\uni2001h2_enull\website3\4thyrthesis\Image33.gif --> stratum /c:/uni2001h2/website3/4thyrthesis Image33.gif
2001.11.08 21:43 B C:\uni2001h2_enull\website3\4thyrthesis\Image34.gif --> stratum /c:/uni2001h2/website3/4thyrthesis Image34.gif
2001.11.08 21:43 B C:\uni2001h2_enull\website3\4thyrthesis\Image35.gif --> stratum /c:/uni2001h2/website3/4thyrthesis Image35.gif
2001.11.08 21:43 B C:\uni2001h2_enull\website3\4thyrthesis\Image36.gif --> stratum /c:/uni2001h2/website3/4thyrthesis Image36.gif
2001.11.08 21:43 B C:\uni2001h2_enull\website3\4thyrthesis\Image37.gif --> stratum /c:/uni2001h2/website3/4thyrthesis Image37.gif
2001.11.08 21:43 B C:\uni2001h2_enull\website3\4thyrthesis\Image38.gif --> stratum /c:/uni2001h2/website3/4thyrthesis Image38.gif
2001.11.08 21:43 B C:\uni2001h2_enull\website3\4thyrthesis\Image39.gif --> stratum /c:/uni2001h2/website3/4thyrthesis Image39.gif
2001.11.08 21:43 B C:\uni2001h2_enull\website3\4thyrthesis\Image40.gif --> stratum /c:/uni2001h2/website3/4thyrthesis Image40.gif
2001.11.08 21:43 B C:\uni2001h2_enull\website3\4thyrthesis\Image41.gif --> stratum /c:/uni2001h2/website3/4thyrthesis Image41.gif
2001.11.08 21:43 B C:\uni2001h2_enull\website3\4thyrthesis\Image42.gif --> stratum /c:/uni2001h2/website3/4thyrthesis Image42.gif
2001.11.08 21:43 B C:\uni2001h2_enull\website3\4thyrthesis\Image43.gif --> stratum /c:/uni2001h2/website3/4thyrthesis Image43.gif
2001.11.08 21:43 B C:\uni2001h2_enull\website3\4thyrthesis\Image44.gif --> stratum /c:/uni2001h2/website3/4thyrthesis Image44.gif
2001.11.08 21:43 B C:\uni2001h2_enull\website3\4thyrthesis\Image45.gif --> stratum /c:/uni2001h2/website3/4thyrthesis Image45.gif
2001.11.08 21:43 B C:\uni2001h2_enull\website3\4thyrthesis\Image46.gif --> stratum /c:/uni2001h2/website3/4thyrthesis Image46.gif
2001.11.08 21:43 B C:\uni2001h2_enull\website3\4thyrthesis\Image48.gif --> stratum /c:/uni2001h2/website3/4thyrthesis Image48.gif
2001.11.08 21:43 B C:\uni2001h2_enull\website3\4thyrthesis\Image49.gif --> stratum /c:/uni2001h2/website3/4thyrthesis Image49.gif
2001.11.08 21:43 B C:\uni2001h2_enull\website3\4thyrthesis\Image5.gif --> stratum /c:/uni2001h2/website3/4thyrthesis Image5.gif
2001.11.08 21:43 B C:\uni2001h2_enull\website3\4thyrthesis\Image50.gif --> stratum /c:/uni2001h2/website3/4thyrthesis Image50.gif
2001.11.08 21:43 B C:\uni2001h2_enull\website3\4thyrthesis\Image51.gif --> stratum /c:/uni2001h2/website3/4thyrthesis Image51.gif
2001.11.08 21:43 B C:\uni2001h2_enull\website3\4thyrthesis\Image52.gif --> stratum /c:/uni2001h2/website3/4thyrthesis Image52.gif
2001.11.08 21:43 B C:\uni2001h2_enull\website3\4thyrthesis\Image53.gif --> stratum /c:/uni2001h2/website3/4thyrthesis Image53.gif
2001.11.08 21:43 B C:\uni2001h2_enull\website3\4thyrthesis\Image54.gif --> stratum /c:/uni2001h2/website3/4thyrthesis Image54.gif
2001.11.08 21:43 B C:\uni2001h2_enull\website3\4thyrthesis\Image55.gif --> stratum /c:/uni2001h2/website3/4thyrthesis Image55.gif
2001.11.08 21:43 B C:\uni2001h2_enull\website3\4thyrthesis\Image56.gif --> stratum /c:/uni2001h2/website3/4thyrthesis Image56.gif
2001.11.08 21:43 B C:\uni2001h2_enull\website3\4thyrthesis\Image57.gif --> stratum /c:/uni2001h2/website3/4thyrthesis Image57.gif
2001.11.08 21:43 B C:\uni2001h2_enull\website3\4thyrthesis\Image58.gif --> stratum /c:/uni2001h2/website3/4thyrthesis Image58.gif
2001.11.08 21:43 B C:\uni2001h2_enull\website3\4thyrthesis\Image59.gif --> stratum /c:/uni2001h2/website3/4thyrthesis Image59.gif
2001.11.08 21:43 B C:\uni2001h2_enull\website3\4thyrthesis\Image6.gif --> stratum /c:/uni2001h2/website3/4thyrthesis Image6.gif
2001.11.08 21:43 B C:\uni2001h2_enull\website3\4thyrthesis\Image60.gif --> stratum /c:/uni2001h2/website3/4thyrthesis Image60.gif
2001.11.08 21:43 B C:\uni2001h2_enull\website3\4thyrthesis\Image61.gif --> stratum /c:/uni2001h2/website3/4thyrthesis Image61.gif
2001.11.08 21:43 B C:\uni2001h2_enull\website3\4thyrthesis\Image62.gif --> stratum /c:/uni2001h2/website3/4thyrthesis Image62.gif
2001.11.08 21:43 B C:\uni2001h2_enull\website3\4thyrthesis\Image63.gif --> stratum /c:/uni2001h2/website3/4thyrthesis Image63.gif
2001.11.08 21:43 B C:\uni2001h2_enull\website3\4thyrthesis\Image64.gif --> stratum /c:/uni2001h2/website3/4thyrthesis Image64.gif
2001.11.08 21:43 B C:\uni2001h2_enull\website3\4thyrthesis\Image65.gif --> stratum /c:/uni2001h2/website3/4thyrthesis Image65.gif
2001.11.08 21:43 B C:\uni2001h2_enull\website3\4thyrthesis\Image67.gif --> stratum /c:/uni2001h2/website3/4thyrthesis Image67.gif
2001.11.08 21:43 B C:\uni2001h2_enull\website3\4thyrthesis\Image68.gif --> stratum /c:/uni2001h2/website3/4thyrthesis Image68.gif
2001.11.08 21:43 B C:\uni2001h2_enull\website3\4thyrthesis\Image69.gif --> stratum /c:/uni2001h2/website3/4thyrthesis Image69.gif
2001.11.08 21:43 B C:\uni2001h2_enull\website3\4thyrthesis\Image70.gif --> stratum /c:/uni2001h2/website3/4thyrthesis Image70.gif
2001.11.08 21:43 B C:\uni2001h2_enull\website3\4thyrthesis\Image72.gif --> stratum /c:/uni2001h2/website3/4thyrthesis Image72.gif
2001.11.08 21:44 B C:\uni2001h2_enull\website3\4thyrthesis\Image78.gif --> stratum /c:/uni2001h2/website3/4thyrthesis Image78.gif
2001.11.08 21:44 B C:\uni2001h2_enull\website3\4thyrthesis\Image79.gif --> stratum /c:/uni2001h2/website3/4thyrthesis Image79.gif
2001.11.08 21:44 B C:\uni2001h2_enull\website3\4thyrthesis\Image8.gif --> stratum /c:/uni2001h2/website3/4thyrthesis Image8.gif
2001.11.08 21:44 B C:\uni2001h2_enull\website3\4thyrthesis\Image80.gif --> stratum /c:/uni2001h2/website3/4thyrthesis Image80.gif
2001.11.08 21:44 B C:\uni2001h2_enull\website3\4thyrthesis\Image81.gif --> stratum /c:/uni2001h2/website3/4thyrthesis Image81.gif
2001.11.08 21:44 B C:\uni2001h2_enull\website3\4thyrthesis\Image82.gif --> stratum /c:/uni2001h2/website3/4thyrthesis Image82.gif
2001.11.08 21:44 B C:\uni2001h2_enull\website3\4thyrthesis\Image83.gif --> stratum /c:/uni2001h2/website3/4thyrthesis Image83.gif
2001.11.08 21:44 B C:\uni2001h2_enull\website3\4thyrthesis\Image84.gif --> stratum /c:/uni2001h2/website3/4thyrthesis Image84.gif
2001.11.08 21:44 B C:\uni2001h2_enull\website3\4thyrthesis\Image85.gif --> stratum /c:/uni2001h2/website3/4thyrthesis Image85.gif
2001.11.08 21:44 B C:\uni2001h2_enull\website3\4thyrthesis\Image86.gif --> stratum /c:/uni2001h2/website3/4thyrthesis Image86.gif
2001.11.08 21:44 B C:\uni2001h2_enull\website3\4thyrthesis\Image87.gif --> stratum /c:/uni2001h2/website3/4thyrthesis Image87.gif
2001.11.08 21:44 B C:\uni2001h2_enull\website3\4thyrthesis\Image88.gif --> stratum /c:/uni2001h2/website3/4thyrthesis Image88.gif
2001.11.08 21:44 B C:\uni2001h2_enull\website3\4thyrthesis\ImagePerform.gif --> stratum /c:/uni2001h2/website3/4thyrthesis ImagePerform.gif
2001.11.08 21:44 B C:\uni2001h2_enull\website3\4thyrthesis\index.html --> stratum /c:/uni2001h2/website3/4thyrthesis index.html
2001.11.08 21:44 B C:\uni2001h2_enull\website3\4thyrthesis\matlab.gif --> stratum /c:/uni2001h2/website3/4thyrthesis matlab.gif
2001.11.08 21:44 B C:\uni2001h2_enull\website3\4thyrthesis\multipath.gif --> stratum /c:/uni2001h2/website3/4thyrthesis multipath.gif
2001.11.08 21:44 B C:\uni2001h2_enull\website3\4thyrthesis\new.gif --> stratum /c:/uni2001h2/website3/4thyrthesis new.gif
2001.11.08 21:44 B C:\uni2001h2_enull\website3\4thyrthesis\OFDMcode.zip --> stratum /c:/uni2001h2/website3/4thyrthesis OFDMcode.zip
2001.11.08 21:44 B C:\uni2001h2_enull\website3\4thyrthesis\OFDMgen.gif --> stratum /c:/uni2001h2/website3/4thyrthesis OFDMgen.gif
2001.11.08 21:44 B C:\uni2001h2_enull\website3\4thyrthesis\ofdmmatlab5.zip --> stratum /c:/uni2001h2/website3/4thyrthesis ofdmmatlab5.zip
2001.11.08 21:44 B C:\uni2001h2_enull\website3\4thyrthesis\OFDMspec21carr.gif --> stratum /c:/uni2001h2/website3/4thyrthesis OFDMspec21carr.gif
2001.11.08 21:44 B C:\uni2001h2_enull\website3\4thyrthesis\OFDMspec5carr.gif --> stratum /c:/uni2001h2/website3/4thyrthesis OFDMspec5carr.gif
2001.11.08 21:44 B C:\uni2001h2_enull\website3\4thyrthesis\pdf.gif --> stratum /c:/uni2001h2/website3/4thyrthesis pdf.gif
2001.11.08 21:44 B C:\uni2001h2_enull\website3\4thyrthesis\PhaseErr.gif --> stratum /c:/uni2001h2/website3/4thyrthesis PhaseErr.gif
2001.11.08 21:44 B C:\uni2001h2_enull\website3\4thyrthesis\PicSNR.gif --> stratum /c:/uni2001h2/website3/4thyrthesis PicSNR.gif
2001.11.08 21:44 B C:\uni2001h2_enull\website3\4thyrthesis\PredSpeed.gif --> stratum /c:/uni2001h2/website3/4thyrthesis PredSpeed.gif
2001.11.08 21:44 B C:\uni2001h2_enull\website3\4thyrthesis\s0022_twiconpale30pix.gif --> stratum /c:/uni2001h2/website3/4thyrthesis s0022_twiconpale30pix.gif
2001.11.08 21:44 B C:\uni2001h2_enull\website3\4thyrthesis\sound.gif --> stratum /c:/uni2001h2/website3/4thyrthesis sound.gif
2001.11.08 21:44 B C:\uni2001h2_enull\website3\4thyrthesis\Thesis.htm --> stratum /c:/uni2001h2/website3/4thyrthesis Thesis.htm
2001.11.08 21:44 B C:\uni2001h2_enull\website3\4thyrthesis\Thesis_Eric_Lawrey_OFDM_vs_CDMA.pdf --> stratum /c:/uni2001h2/website3/4thyrthesis Thesis_Eric_Lawrey_OFDM_vs_CDMA.pdf
2001.11.08 21:44 B C:\uni2001h2_enull\website3\4thyrthesis\Thesis_Eric_Lawrey_OFDM_vs_CDMA_ver2.pdf --> stratum /c:/uni2001h2/website3/4thyrthesis Thesis_Eric_Lawrey_OFDM_vs_CDMA_ver2.pdf
2001.11.08 21:44 B C:\uni2001h2_enull\website3\4thyrthesis\thesissim.zip --> stratum /c:/uni2001h2/website3/4thyrthesis thesissim.zip
2001.12.01 00:32 B C:\skydsp01h2\website\testsite\site4\publications\4thyrthesis\appendix.htm --> www.skydsp.com /usr/www/users/elawrey/skydsp/publications/4thyrthesis appendix.htm
2001.12.01 00:32 B C:\skydsp01h2\website\testsite\site4\publications\4thyrthesis\BERvsClipping.gif --> www.skydsp.com /usr/www/users/elawrey/skydsp/publications/4thyrthesis BERvsClipping.gif
2001.12.01 00:32 B C:\skydsp01h2\website\testsite\site4\publications\4thyrthesis\BERvsMultipath.gif --> www.skydsp.com /usr/www/users/elawrey/skydsp/publications/4thyrthesis BERvsMultipath.gif
2001.12.01 00:32 B C:\skydsp01h2\website\testsite\site4\publications\4thyrthesis\BERvsNoise.gif --> www.skydsp.com /usr/www/users/elawrey/skydsp/publications/4thyrthesis BERvsNoise.gif
2001.12.01 00:32 B C:\skydsp01h2\website\testsite\site4\publications\4thyrthesis\BERvsTimeErr.gif --> www.skydsp.com /usr/www/users/elawrey/skydsp/publications/4thyrthesis BERvsTimeErr.gif
2001.12.01 00:32 B C:\skydsp01h2\website\testsite\site4\publications\4thyrthesis\BERvsUsers.gif --> www.skydsp.com /usr/www/users/elawrey/skydsp/publications/4thyrthesis BERvsUsers.gif
2001.12.01 00:32 B C:\skydsp01h2\website\testsite\site4\publications\4thyrthesis\CDMA.jpg --> www.skydsp.com /usr/www/users/elawrey/skydsp/publications/4thyrthesis CDMA.jpg
2001.12.01 00:33 B C:\skydsp01h2\website\testsite\site4\publications\4thyrthesis\CDMA_BERvsMultipath.gif --> www.skydsp.com /usr/www/users/elawrey/skydsp/publications/4thyrthesis CDMA_BERvsMultipath.gif
2001.12.01 00:33 B C:\skydsp01h2\website\testsite\site4\publications\4thyrthesis\CDMA_BERvsNoise.gif --> www.skydsp.com /usr/www/users/elawrey/skydsp/publications/4thyrthesis CDMA_BERvsNoise.gif
2001.12.01 00:33 B C:\skydsp01h2\website\testsite\site4\publications\4thyrthesis\CDMA_Clipping.gif --> www.skydsp.com /usr/www/users/elawrey/skydsp/publications/4thyrthesis CDMA_Clipping.gif
2001.12.01 00:33 B C:\skydsp01h2\website\testsite\site4\publications\4thyrthesis\CDMA_EquivUsers.gif --> www.skydsp.com /usr/www/users/elawrey/skydsp/publications/4thyrthesis CDMA_EquivUsers.gif
2001.12.01 00:33 B C:\skydsp01h2\website\testsite\site4\publications\4thyrthesis\chapter1.htm --> www.skydsp.com /usr/www/users/elawrey/skydsp/publications/4thyrthesis chapter1.htm
2001.12.01 00:33 B C:\skydsp01h2\website\testsite\site4\publications\4thyrthesis\chapter2.htm --> www.skydsp.com /usr/www/users/elawrey/skydsp/publications/4thyrthesis chapter2.htm
2001.12.01 00:33 B C:\skydsp01h2\website\testsite\site4\publications\4thyrthesis\chapter2b.htm --> www.skydsp.com /usr/www/users/elawrey/skydsp/publications/4thyrthesis chapter2b.htm
2001.12.01 00:34 B C:\skydsp01h2\website\testsite\site4\publications\4thyrthesis\chapter3.htm --> www.skydsp.com /usr/www/users/elawrey/skydsp/publications/4thyrthesis chapter3.htm
2001.12.01 00:34 B C:\skydsp01h2\website\testsite\site4\publications\4thyrthesis\chapter4.htm --> www.skydsp.com /usr/www/users/elawrey/skydsp/publications/4thyrthesis chapter4.htm
2001.12.01 00:34 B C:\skydsp01h2\website\testsite\site4\publications\4thyrthesis\code.html --> www.skydsp.com /usr/www/users/elawrey/skydsp/publications/4thyrthesis code.html
2001.12.01 00:34 B C:\skydsp01h2\website\testsite\site4\publications\4thyrthesis\delayspread.gif --> www.skydsp.com /usr/www/users/elawrey/skydsp/publications/4thyrthesis delayspread.gif
2001.12.01 00:34 B C:\skydsp01h2\website\testsite\site4\publications\4thyrthesis\FDMA.jpg --> www.skydsp.com /usr/www/users/elawrey/skydsp/publications/4thyrthesis FDMA.jpg
2001.12.01 00:34 B C:\skydsp01h2\website\testsite\site4\publications\4thyrthesis\FDMA_TDMA.jpg --> www.skydsp.com /usr/www/users/elawrey/skydsp/publications/4thyrthesis FDMA_TDMA.jpg
2001.12.01 00:34 B C:\skydsp01h2\website\testsite\site4\publications\4thyrthesis\Image10.gif --> www.skydsp.com /usr/www/users/elawrey/skydsp/publications/4thyrthesis Image10.gif
2001.12.01 00:34 B C:\skydsp01h2\website\testsite\site4\publications\4thyrthesis\Image11.gif --> www.skydsp.com /usr/www/users/elawrey/skydsp/publications/4thyrthesis Image11.gif
2001.12.01 00:34 B C:\skydsp01h2\website\testsite\site4\publications\4thyrthesis\Image13.gif --> www.skydsp.com /usr/www/users/elawrey/skydsp/publications/4thyrthesis Image13.gif
2001.12.01 00:34 B C:\skydsp01h2\website\testsite\site4\publications\4thyrthesis\Image14.gif --> www.skydsp.com /usr/www/users/elawrey/skydsp/publications/4thyrthesis Image14.gif
2001.12.01 00:34 B C:\skydsp01h2\website\testsite\site4\publications\4thyrthesis\Image17.gif --> www.skydsp.com /usr/www/users/elawrey/skydsp/publications/4thyrthesis Image17.gif
2001.12.01 00:34 B C:\skydsp01h2\website\testsite\site4\publications\4thyrthesis\Image18.gif --> www.skydsp.com /usr/www/users/elawrey/skydsp/publications/4thyrthesis Image18.gif
2001.12.01 00:34 B C:\skydsp01h2\website\testsite\site4\publications\4thyrthesis\Image19.gif --> www.skydsp.com /usr/www/users/elawrey/skydsp/publications/4thyrthesis Image19.gif
2001.12.01 00:34 B C:\skydsp01h2\website\testsite\site4\publications\4thyrthesis\Image20.gif --> www.skydsp.com /usr/www/users/elawrey/skydsp/publications/4thyrthesis Image20.gif
2001.12.01 00:34 B C:\skydsp01h2\website\testsite\site4\publications\4thyrthesis\Image21.gif --> www.skydsp.com /usr/www/users/elawrey/skydsp/publications/4thyrthesis Image21.gif
2001.12.01 00:34 B C:\skydsp01h2\website\testsite\site4\publications\4thyrthesis\Image22.gif --> www.skydsp.com /usr/www/users/elawrey/skydsp/publications/4thyrthesis Image22.gif
2001.12.01 00:34 B C:\skydsp01h2\website\testsite\site4\publications\4thyrthesis\Image23.gif --> www.skydsp.com /usr/www/users/elawrey/skydsp/publications/4thyrthesis Image23.gif
2001.12.01 00:34 B C:\skydsp01h2\website\testsite\site4\publications\4thyrthesis\Image25.gif --> www.skydsp.com /usr/www/users/elawrey/skydsp/publications/4thyrthesis Image25.gif
2001.12.01 00:34 B C:\skydsp01h2\website\testsite\site4\publications\4thyrthesis\Image26.gif --> www.skydsp.com /usr/www/users/elawrey/skydsp/publications/4thyrthesis Image26.gif
2001.12.01 00:34 B C:\skydsp01h2\website\testsite\site4\publications\4thyrthesis\Image31.gif --> www.skydsp.com /usr/www/users/elawrey/skydsp/publications/4thyrthesis Image31.gif
2001.12.01 00:35 B C:\skydsp01h2\website\testsite\site4\publications\4thyrthesis\Image32.gif --> www.skydsp.com /usr/www/users/elawrey/skydsp/publications/4thyrthesis Image32.gif
2001.12.01 00:35 B C:\skydsp01h2\website\testsite\site4\publications\4thyrthesis\Image33.gif --> www.skydsp.com /usr/www/users/elawrey/skydsp/publications/4thyrthesis Image33.gif
2001.12.01 00:35 B C:\skydsp01h2\website\testsite\site4\publications\4thyrthesis\Image34.gif --> www.skydsp.com /usr/www/users/elawrey/skydsp/publications/4thyrthesis Image34.gif
2001.12.01 00:35 B C:\skydsp01h2\website\testsite\site4\publications\4thyrthesis\Image35.gif --> www.skydsp.com /usr/www/users/elawrey/skydsp/publications/4thyrthesis Image35.gif
2001.12.01 00:35 B C:\skydsp01h2\website\testsite\site4\publications\4thyrthesis\Image36.gif --> www.skydsp.com /usr/www/users/elawrey/skydsp/publications/4thyrthesis Image36.gif
2001.12.01 00:35 B C:\skydsp01h2\website\testsite\site4\publications\4thyrthesis\Image37.gif --> www.skydsp.com /usr/www/users/elawrey/skydsp/publications/4thyrthesis Image37.gif
2001.12.01 00:35 B C:\skydsp01h2\website\testsite\site4\publications\4thyrthesis\Image38.gif --> www.skydsp.com /usr/www/users/elawrey/skydsp/publications/4thyrthesis Image38.gif
2001.12.01 00:35 B C:\skydsp01h2\website\testsite\site4\publications\4thyrthesis\Image39.gif --> www.skydsp.com /usr/www/users/elawrey/skydsp/publications/4thyrthesis Image39.gif
2001.12.01 00:35 B C:\skydsp01h2\website\testsite\site4\publications\4thyrthesis\Image40.gif --> www.skydsp.com /usr/www/users/elawrey/skydsp/publications/4thyrthesis Image40.gif
2001.12.01 00:35 B C:\skydsp01h2\website\testsite\site4\publications\4thyrthesis\Image40.jpg --> www.skydsp.com /usr/www/users/elawrey/skydsp/publications/4thyrthesis Image40.jpg
2001.12.01 00:35 B C:\skydsp01h2\website\testsite\site4\publications\4thyrthesis\Image41.gif --> www.skydsp.com /usr/www/users/elawrey/skydsp/publications/4thyrthesis Image41.gif
2001.12.01 00:35 B C:\skydsp01h2\website\testsite\site4\publications\4thyrthesis\Image42.gif --> www.skydsp.com /usr/www/users/elawrey/skydsp/publications/4thyrthesis Image42.gif
2001.12.01 00:35 B C:\skydsp01h2\website\testsite\site4\publications\4thyrthesis\Image43.gif --> www.skydsp.com /usr/www/users/elawrey/skydsp/publications/4thyrthesis Image43.gif
2001.12.01 00:36 B C:\skydsp01h2\website\testsite\site4\publications\4thyrthesis\Image44.gif --> www.skydsp.com /usr/www/users/elawrey/skydsp/publications/4thyrthesis Image44.gif
2001.12.01 00:36 B C:\skydsp01h2\website\testsite\site4\publications\4thyrthesis\Image45.gif --> www.skydsp.com /usr/www/users/elawrey/skydsp/publications/4thyrthesis Image45.gif
2001.12.01 00:36 B C:\skydsp01h2\website\testsite\site4\publications\4thyrthesis\Image46.gif --> www.skydsp.com /usr/www/users/elawrey/skydsp/publications/4thyrthesis Image46.gif
2001.12.01 00:36 B C:\skydsp01h2\website\testsite\site4\publications\4thyrthesis\Image48.gif --> www.skydsp.com /usr/www/users/elawrey/skydsp/publications/4thyrthesis Image48.gif
2001.12.01 00:36 B C:\skydsp01h2\website\testsite\site4\publications\4thyrthesis\Image49.gif --> www.skydsp.com /usr/www/users/elawrey/skydsp/publications/4thyrthesis Image49.gif
2001.12.01 00:36 B C:\skydsp01h2\website\testsite\site4\publications\4thyrthesis\Image5.gif --> www.skydsp.com /usr/www/users/elawrey/skydsp/publications/4thyrthesis Image5.gif
2001.12.01 00:36 B C:\skydsp01h2\website\testsite\site4\publications\4thyrthesis\Image50.gif --> www.skydsp.com /usr/www/users/elawrey/skydsp/publications/4thyrthesis Image50.gif
2001.12.01 00:36 B C:\skydsp01h2\website\testsite\site4\publications\4thyrthesis\Image51.gif --> www.skydsp.com /usr/www/users/elawrey/skydsp/publications/4thyrthesis Image51.gif
2001.12.01 00:36 B C:\skydsp01h2\website\testsite\site4\publications\4thyrthesis\Image52.gif --> www.skydsp.com /usr/www/users/elawrey/skydsp/publications/4thyrthesis Image52.gif
2001.12.01 00:36 B C:\skydsp01h2\website\testsite\site4\publications\4thyrthesis\Image53.gif --> www.skydsp.com /usr/www/users/elawrey/skydsp/publications/4thyrthesis Image53.gif
2001.12.01 00:36 B C:\skydsp01h2\website\testsite\site4\publications\4thyrthesis\Image54.gif --> www.skydsp.com /usr/www/users/elawrey/skydsp/publications/4thyrthesis Image54.gif
2001.12.01 00:36 B C:\skydsp01h2\website\testsite\site4\publications\4thyrthesis\Image55.gif --> www.skydsp.com /usr/www/users/elawrey/skydsp/publications/4thyrthesis Image55.gif
2001.12.01 00:36 B C:\skydsp01h2\website\testsite\site4\publications\4thyrthesis\Image56.gif --> www.skydsp.com /usr/www/users/elawrey/skydsp/publications/4thyrthesis Image56.gif
2001.12.01 00:36 B C:\skydsp01h2\website\testsite\site4\publications\4thyrthesis\Image57.gif --> www.skydsp.com /usr/www/users/elawrey/skydsp/publications/4thyrthesis Image57.gif
2001.12.01 00:36 B C:\skydsp01h2\website\testsite\site4\publications\4thyrthesis\Image58.gif --> www.skydsp.com /usr/www/users/elawrey/skydsp/publications/4thyrthesis Image58.gif
2001.12.01 00:36 B C:\skydsp01h2\website\testsite\site4\publications\4thyrthesis\Image59.gif --> www.skydsp.com /usr/www/users/elawrey/skydsp/publications/4thyrthesis Image59.gif
2001.12.01 00:36 B C:\skydsp01h2\website\testsite\site4\publications\4thyrthesis\Image6.gif --> www.skydsp.com /usr/www/users/elawrey/skydsp/publications/4thyrthesis Image6.gif
2001.12.01 00:36 B C:\skydsp01h2\website\testsite\site4\publications\4thyrthesis\Image60.gif --> www.skydsp.com /usr/www/users/elawrey/skydsp/publications/4thyrthesis Image60.gif
2001.12.01 00:36 B C:\skydsp01h2\website\testsite\site4\publications\4thyrthesis\Image61.gif --> www.skydsp.com /usr/www/users/elawrey/skydsp/publications/4thyrthesis Image61.gif
2001.12.01 00:37 B C:\skydsp01h2\website\testsite\site4\publications\4thyrthesis\Image62.gif --> www.skydsp.com /usr/www/users/elawrey/skydsp/publications/4thyrthesis Image62.gif
2001.12.01 00:37 B C:\skydsp01h2\website\testsite\site4\publications\4thyrthesis\Image63.gif --> www.skydsp.com /usr/www/users/elawrey/skydsp/publications/4thyrthesis Image63.gif
2001.12.01 00:37 B C:\skydsp01h2\website\testsite\site4\publications\4thyrthesis\Image64.gif --> www.skydsp.com /usr/www/users/elawrey/skydsp/publications/4thyrthesis Image64.gif
2001.12.01 00:37 B C:\skydsp01h2\website\testsite\site4\publications\4thyrthesis\Image65.gif --> www.skydsp.com /usr/www/users/elawrey/skydsp/publications/4thyrthesis Image65.gif
2001.12.01 00:37 B C:\skydsp01h2\website\testsite\site4\publications\4thyrthesis\Image67.gif --> www.skydsp.com /usr/www/users/elawrey/skydsp/publications/4thyrthesis Image67.gif
2001.12.01 00:37 B C:\skydsp01h2\website\testsite\site4\publications\4thyrthesis\Image68.gif --> www.skydsp.com /usr/www/users/elawrey/skydsp/publications/4thyrthesis Image68.gif
2001.12.01 00:37 B C:\skydsp01h2\website\testsite\site4\publications\4thyrthesis\Image69.gif --> www.skydsp.com /usr/www/users/elawrey/skydsp/publications/4thyrthesis Image69.gif
2001.12.01 00:37 B C:\skydsp01h2\website\testsite\site4\publications\4thyrthesis\Image70.gif --> www.skydsp.com /usr/www/users/elawrey/skydsp/publications/4thyrthesis Image70.gif
2001.12.01 00:37 B C:\skydsp01h2\website\testsite\site4\publications\4thyrthesis\Image72.gif --> www.skydsp.com /usr/www/users/elawrey/skydsp/publications/4thyrthesis Image72.gif
2001.12.01 00:37 B C:\skydsp01h2\website\testsite\site4\publications\4thyrthesis\Image78.gif --> www.skydsp.com /usr/www/users/elawrey/skydsp/publications/4thyrthesis Image78.gif
2001.12.01 00:37 B C:\skydsp01h2\website\testsite\site4\publications\4thyrthesis\Image79.gif --> www.skydsp.com /usr/www/users/elawrey/skydsp/publications/4thyrthesis Image79.gif
2001.12.01 00:37 B C:\skydsp01h2\website\testsite\site4\publications\4thyrthesis\Image8.gif --> www.skydsp.com /usr/www/users/elawrey/skydsp/publications/4thyrthesis Image8.gif
2001.12.01 00:37 B C:\skydsp01h2\website\testsite\site4\publications\4thyrthesis\Image80.gif --> www.skydsp.com /usr/www/users/elawrey/skydsp/publications/4thyrthesis Image80.gif
2001.12.01 00:37 B C:\skydsp01h2\website\testsite\site4\publications\4thyrthesis\Image81.gif --> www.skydsp.com /usr/www/users/elawrey/skydsp/publications/4thyrthesis Image81.gif
2001.12.01 00:37 B C:\skydsp01h2\website\testsite\site4\publications\4thyrthesis\Image82.gif --> www.skydsp.com /usr/www/users/elawrey/skydsp/publications/4thyrthesis Image82.gif
2001.12.01 00:37 B C:\skydsp01h2\website\testsite\site4\publications\4thyrthesis\Image83.gif --> www.skydsp.com /usr/www/users/elawrey/skydsp/publications/4thyrthesis Image83.gif
2001.12.01 00:37 B C:\skydsp01h2\website\testsite\site4\publications\4thyrthesis\Image84.gif --> www.skydsp.com /usr/www/users/elawrey/skydsp/publications/4thyrthesis Image84.gif
2001.12.01 00:37 B C:\skydsp01h2\website\testsite\site4\publications\4thyrthesis\Image85.gif --> www.skydsp.com /usr/www/users/elawrey/skydsp/publications/4thyrthesis Image85.gif
2001.12.01 00:37 B C:\skydsp01h2\website\testsite\site4\publications\4thyrthesis\Image86.gif --> www.skydsp.com /usr/www/users/elawrey/skydsp/publications/4thyrthesis Image86.gif
2001.12.01 00:37 B C:\skydsp01h2\website\testsite\site4\publications\4thyrthesis\Image87.gif --> www.skydsp.com /usr/www/users/elawrey/skydsp/publications/4thyrthesis Image87.gif
2001.12.01 00:37 B C:\skydsp01h2\website\testsite\site4\publications\4thyrthesis\Image88.gif --> www.skydsp.com /usr/www/users/elawrey/skydsp/publications/4thyrthesis Image88.gif
2001.12.01 00:37 B C:\skydsp01h2\website\testsite\site4\publications\4thyrthesis\ImagePerform.gif --> www.skydsp.com /usr/www/users/elawrey/skydsp/publications/4thyrthesis ImagePerform.gif
2001.12.01 00:37 B C:\skydsp01h2\website\testsite\site4\publications\4thyrthesis\index.htm --> www.skydsp.com /usr/www/users/elawrey/skydsp/publications/4thyrthesis index.htm
2001.12.01 00:38 B C:\skydsp01h2\website\testsite\site4\publications\4thyrthesis\matlab.gif --> www.skydsp.com /usr/www/users/elawrey/skydsp/publications/4thyrthesis matlab.gif
2001.12.01 00:38 B C:\skydsp01h2\website\testsite\site4\publications\4thyrthesis\multipath.gif --> www.skydsp.com /usr/www/users/elawrey/skydsp/publications/4thyrthesis multipath.gif
2001.12.01 00:38 B C:\skydsp01h2\website\testsite\site4\publications\4thyrthesis\new.gif --> www.skydsp.com /usr/www/users/elawrey/skydsp/publications/4thyrthesis new.gif
2001.12.01 00:38 B C:\skydsp01h2\website\testsite\site4\publications\4thyrthesis\OFDMcode.zip --> www.skydsp.com /usr/www/users/elawrey/skydsp/publications/4thyrthesis OFDMcode.zip
2001.12.01 00:38 B C:\skydsp01h2\website\testsite\site4\publications\4thyrthesis\OFDMgen.gif --> www.skydsp.com /usr/www/users/elawrey/skydsp/publications/4thyrthesis OFDMgen.gif
2001.12.01 00:39 B C:\skydsp01h2\website\testsite\site4\publications\4thyrthesis\ofdmmatlab5.zip --> www.skydsp.com /usr/www/users/elawrey/skydsp/publications/4thyrthesis ofdmmatlab5.zip
2001.12.01 00:39 B C:\skydsp01h2\website\testsite\site4\publications\4thyrthesis\OFDMspec21carr.gif --> www.skydsp.com /usr/www/users/elawrey/skydsp/publications/4thyrthesis OFDMspec21carr.gif
2001.12.01 00:39 B C:\skydsp01h2\website\testsite\site4\publications\4thyrthesis\OFDMspec5carr.gif --> www.skydsp.com /usr/www/users/elawrey/skydsp/publications/4thyrthesis OFDMspec5carr.gif
2001.12.01 00:39 B C:\skydsp01h2\website\testsite\site4\publications\4thyrthesis\pdf.gif --> www.skydsp.com /usr/www/users/elawrey/skydsp/publications/4thyrthesis pdf.gif
2001.12.01 00:39 B C:\skydsp01h2\website\testsite\site4\publications\4thyrthesis\PhaseErr.gif --> www.skydsp.com /usr/www/users/elawrey/skydsp/publications/4thyrthesis PhaseErr.gif
2001.12.01 00:39 B C:\skydsp01h2\website\testsite\site4\publications\4thyrthesis\PicSNR.gif --> www.skydsp.com /usr/www/users/elawrey/skydsp/publications/4thyrthesis PicSNR.gif
2001.12.01 00:39 B C:\skydsp01h2\website\testsite\site4\publications\4thyrthesis\PredSpeed.gif --> www.skydsp.com /usr/www/users/elawrey/skydsp/publications/4thyrthesis PredSpeed.gif
2001.12.01 00:39 B C:\skydsp01h2\website\testsite\site4\publications\4thyrthesis\s0022_twiconpale30pix.gif --> www.skydsp.com /usr/www/users/elawrey/skydsp/publications/4thyrthesis s0022_twiconpale30pix.gif
2001.12.01 00:39 B C:\skydsp01h2\website\testsite\site4\publications\4thyrthesis\sound.gif --> www.skydsp.com /usr/www/users/elawrey/skydsp/publications/4thyrthesis sound.gif
2001.12.01 00:39 B C:\skydsp01h2\website\testsite\site4\publications\4thyrthesis\taperesponse.gif --> www.skydsp.com /usr/www/users/elawrey/skydsp/publications/4thyrthesis taperesponse.gif
2001.12.01 00:39 B C:\skydsp01h2\website\testsite\site4\publications\4thyrthesis\template.html --> www.skydsp.com /usr/www/users/elawrey/skydsp/publications/4thyrthesis template.html
2001.12.01 00:39 B C:\skydsp01h2\website\testsite\site4\publications\4thyrthesis\Thesis.htm --> www.skydsp.com /usr/www/users/elawrey/skydsp/publications/4thyrthesis Thesis.htm
2001.12.01 00:42 B C:\skydsp01h2\website\testsite\site4\publications\4thyrthesis\Thesis_Eric_Lawrey_OFDM_vs_CDMA.pdf --> www.skydsp.com /usr/www/users/elawrey/skydsp/publications/4thyrthesis Thesis_Eric_Lawrey_OFDM_vs_CDMA.pdf
2001.12.01 00:44 B C:\skydsp01h2\website\testsite\site4\publications\4thyrthesis\Thesis_Eric_Lawrey_OFDM_vs_CDMA_ver2.pdf --> www.skydsp.com /usr/www/users/elawrey/skydsp/publications/4thyrthesis Thesis_Eric_Lawrey_OFDM_vs_CDMA_ver2.pdf
2001.12.01 00:44 B C:\skydsp01h2\website\testsite\site4\publications\4thyrthesis\thesissim.zip --> www.skydsp.com /usr/www/users/elawrey/skydsp/publications/4thyrthesis thesissim.zip
2001.12.01 00:44 B C:\skydsp01h2\website\testsite\site4\publications\4thyrthesis\vcrresponse.gif --> www.skydsp.com /usr/www/users/elawrey/skydsp/publications/4thyrthesis vcrresponse.gif
2001.12.01 00:44 B C:\skydsp01h2\website\testsite\site4\publications\4thyrthesis\WS_FTP.LOG --> www.skydsp.com /usr/www/users/elawrey/skydsp/publications/4thyrthesis WS_FTP.LOG
2002.06.26 22:59 B C:\sky02\website\site2\publications\4thyrthesis\appendix.htm --> www.skydsp.com /usr/www/users/elawrey/skydsp/publications/4thyrthesis appendix.htm
2002.06.26 22:59 B C:\sky02\website\site2\publications\4thyrthesis\BERvsClipping.gif --> www.skydsp.com /usr/www/users/elawrey/skydsp/publications/4thyrthesis BERvsClipping.gif
2002.06.26 22:59 B C:\sky02\website\site2\publications\4thyrthesis\BERvsMultipath.gif --> www.skydsp.com /usr/www/users/elawrey/skydsp/publications/4thyrthesis BERvsMultipath.gif
2002.06.26 22:59 B C:\sky02\website\site2\publications\4thyrthesis\BERvsNoise.gif --> www.skydsp.com /usr/www/users/elawrey/skydsp/publications/4thyrthesis BERvsNoise.gif
2002.06.26 22:59 B C:\sky02\website\site2\publications\4thyrthesis\BERvsTimeErr.gif --> www.skydsp.com /usr/www/users/elawrey/skydsp/publications/4thyrthesis BERvsTimeErr.gif
2002.06.26 22:59 B C:\sky02\website\site2\publications\4thyrthesis\BERvsUsers.gif --> www.skydsp.com /usr/www/users/elawrey/skydsp/publications/4thyrthesis BERvsUsers.gif
2002.06.26 22:59 B C:\sky02\website\site2\publications\4thyrthesis\CDMA.jpg --> www.skydsp.com /usr/www/users/elawrey/skydsp/publications/4thyrthesis CDMA.jpg
2002.06.26 22:59 B C:\sky02\website\site2\publications\4thyrthesis\CDMA_BERvsMultipath.gif --> www.skydsp.com /usr/www/users/elawrey/skydsp/publications/4thyrthesis CDMA_BERvsMultipath.gif
2002.06.26 22:59 B C:\sky02\website\site2\publications\4thyrthesis\CDMA_BERvsNoise.gif --> www.skydsp.com /usr/www/users/elawrey/skydsp/publications/4thyrthesis CDMA_BERvsNoise.gif
2002.06.26 22:59 B C:\sky02\website\site2\publications\4thyrthesis\CDMA_Clipping.gif --> www.skydsp.com /usr/www/users/elawrey/skydsp/publications/4thyrthesis CDMA_Clipping.gif
2002.06.26 22:59 B C:\sky02\website\site2\publications\4thyrthesis\CDMA_EquivUsers.gif --> www.skydsp.com /usr/www/users/elawrey/skydsp/publications/4thyrthesis CDMA_EquivUsers.gif
2002.06.26 23:00 B C:\sky02\website\site2\publications\4thyrthesis\chapter1.htm --> www.skydsp.com /usr/www/users/elawrey/skydsp/publications/4thyrthesis chapter1.htm
2002.06.26 23:00 B C:\sky02\website\site2\publications\4thyrthesis\chapter2.htm --> www.skydsp.com /usr/www/users/elawrey/skydsp/publications/4thyrthesis chapter2.htm
2002.06.26 23:00 B C:\sky02\website\site2\publications\4thyrthesis\chapter3.htm --> www.skydsp.com /usr/www/users/elawrey/skydsp/publications/4thyrthesis chapter3.htm
2002.06.26 23:00 B C:\sky02\website\site2\publications\4thyrthesis\chapter4.htm --> www.skydsp.com /usr/www/users/elawrey/skydsp/publications/4thyrthesis chapter4.htm
2002.06.26 23:00 B C:\sky02\website\site2\publications\4thyrthesis\code.html --> www.skydsp.com /usr/www/users/elawrey/skydsp/publications/4thyrthesis code.html
2002.06.26 23:00 B C:\sky02\website\site2\publications\4thyrthesis\delayspread.gif --> www.skydsp.com /usr/www/users/elawrey/skydsp/publications/4thyrthesis delayspread.gif
2002.06.26 23:00 B C:\sky02\website\site2\publications\4thyrthesis\FDMA.jpg --> www.skydsp.com /usr/www/users/elawrey/skydsp/publications/4thyrthesis FDMA.jpg
2002.06.26 23:00 B C:\sky02\website\site2\publications\4thyrthesis\FDMA_TDMA.jpg --> www.skydsp.com /usr/www/users/elawrey/skydsp/publications/4thyrthesis FDMA_TDMA.jpg
2002.06.26 23:00 B C:\sky02\website\site2\publications\4thyrthesis\Image10.gif --> www.skydsp.com /usr/www/users/elawrey/skydsp/publications/4thyrthesis Image10.gif
2002.06.26 23:00 B C:\sky02\website\site2\publications\4thyrthesis\Image11.gif --> www.skydsp.com /usr/www/users/elawrey/skydsp/publications/4thyrthesis Image11.gif
2002.06.26 23:00 B C:\sky02\website\site2\publications\4thyrthesis\Image13.gif --> www.skydsp.com /usr/www/users/elawrey/skydsp/publications/4thyrthesis Image13.gif
2002.06.26 23:00 B C:\sky02\website\site2\publications\4thyrthesis\Image14.gif --> www.skydsp.com /usr/www/users/elawrey/skydsp/publications/4thyrthesis Image14.gif
2002.06.26 23:00 B C:\sky02\website\site2\publications\4thyrthesis\Image17.gif --> www.skydsp.com /usr/www/users/elawrey/skydsp/publications/4thyrthesis Image17.gif
2002.06.26 23:01 B C:\sky02\website\site2\publications\4thyrthesis\Image18.gif --> www.skydsp.com /usr/www/users/elawrey/skydsp/publications/4thyrthesis Image18.gif
2002.06.26 23:01 B C:\sky02\website\site2\publications\4thyrthesis\Image19.gif --> www.skydsp.com /usr/www/users/elawrey/skydsp/publications/4thyrthesis Image19.gif
2002.06.26 23:01 B C:\sky02\website\site2\publications\4thyrthesis\Image20.gif --> www.skydsp.com /usr/www/users/elawrey/skydsp/publications/4thyrthesis Image20.gif
2002.06.26 23:01 B C:\sky02\website\site2\publications\4thyrthesis\Image21.gif --> www.skydsp.com /usr/www/users/elawrey/skydsp/publications/4thyrthesis Image21.gif
2002.06.26 23:01 B C:\sky02\website\site2\publications\4thyrthesis\Image22.gif --> www.skydsp.com /usr/www/users/elawrey/skydsp/publications/4thyrthesis Image22.gif
2002.06.26 23:01 B C:\sky02\website\site2\publications\4thyrthesis\Image23.gif --> www.skydsp.com /usr/www/users/elawrey/skydsp/publications/4thyrthesis Image23.gif
2002.06.26 23:01 B C:\sky02\website\site2\publications\4thyrthesis\Image25.gif --> www.skydsp.com /usr/www/users/elawrey/skydsp/publications/4thyrthesis Image25.gif
2002.06.26 23:01 B C:\sky02\website\site2\publications\4thyrthesis\Image26.gif --> www.skydsp.com /usr/www/users/elawrey/skydsp/publications/4thyrthesis Image26.gif
2002.06.26 23:01 B C:\sky02\website\site2\publications\4thyrthesis\Image31.gif --> www.skydsp.com /usr/www/users/elawrey/skydsp/publications/4thyrthesis Image31.gif
2002.06.26 23:01 B C:\sky02\website\site2\publications\4thyrthesis\Image32.gif --> www.skydsp.com /usr/www/users/elawrey/skydsp/publications/4thyrthesis Image32.gif
2002.06.26 23:01 B C:\sky02\website\site2\publications\4thyrthesis\Image33.gif --> www.skydsp.com /usr/www/users/elawrey/skydsp/publications/4thyrthesis Image33.gif
2002.06.26 23:01 B C:\sky02\website\site2\publications\4thyrthesis\Image34.gif --> www.skydsp.com /usr/www/users/elawrey/skydsp/publications/4thyrthesis Image34.gif
2002.06.26 23:01 B C:\sky02\website\site2\publications\4thyrthesis\Image35.gif --> www.skydsp.com /usr/www/users/elawrey/skydsp/publications/4thyrthesis Image35.gif
2002.06.26 23:01 B C:\sky02\website\site2\publications\4thyrthesis\Image36.gif --> www.skydsp.com /usr/www/users/elawrey/skydsp/publications/4thyrthesis Image36.gif
2002.06.26 23:01 B C:\sky02\website\site2\publications\4thyrthesis\Image37.gif --> www.skydsp.com /usr/www/users/elawrey/skydsp/publications/4thyrthesis Image37.gif
2002.06.26 23:01 B C:\sky02\website\site2\publications\4thyrthesis\Image38.gif --> www.skydsp.com /usr/www/users/elawrey/skydsp/publications/4thyrthesis Image38.gif
2002.06.26 23:01 B C:\sky02\website\site2\publications\4thyrthesis\Image39.gif --> www.skydsp.com /usr/www/users/elawrey/skydsp/publications/4thyrthesis Image39.gif
2002.06.26 23:02 B C:\sky02\website\site2\publications\4thyrthesis\Image40.gif --> www.skydsp.com /usr/www/users/elawrey/skydsp/publications/4thyrthesis Image40.gif
2002.06.26 23:02 B C:\sky02\website\site2\publications\4thyrthesis\Image40.jpg --> www.skydsp.com /usr/www/users/elawrey/skydsp/publications/4thyrthesis Image40.jpg
2002.06.26 23:02 B C:\sky02\website\site2\publications\4thyrthesis\Image41.gif --> www.skydsp.com /usr/www/users/elawrey/skydsp/publications/4thyrthesis Image41.gif
2002.06.26 23:02 B C:\sky02\website\site2\publications\4thyrthesis\Image42.gif --> www.skydsp.com /usr/www/users/elawrey/skydsp/publications/4thyrthesis Image42.gif
2002.06.26 23:02 B C:\sky02\website\site2\publications\4thyrthesis\Image43.gif --> www.skydsp.com /usr/www/users/elawrey/skydsp/publications/4thyrthesis Image43.gif
2002.06.26 23:02 B C:\sky02\website\site2\publications\4thyrthesis\Image44.gif --> www.skydsp.com /usr/www/users/elawrey/skydsp/publications/4thyrthesis Image44.gif
2002.06.26 23:02 B C:\sky02\website\site2\publications\4thyrthesis\Image45.gif --> www.skydsp.com /usr/www/users/elawrey/skydsp/publications/4thyrthesis Image45.gif
2002.06.26 23:02 B C:\sky02\website\site2\publications\4thyrthesis\Image46.gif --> www.skydsp.com /usr/www/users/elawrey/skydsp/publications/4thyrthesis Image46.gif
2002.06.26 23:02 B C:\sky02\website\site2\publications\4thyrthesis\Image48.gif --> www.skydsp.com /usr/www/users/elawrey/skydsp/publications/4thyrthesis Image48.gif
2002.06.26 23:02 B C:\sky02\website\site2\publications\4thyrthesis\Image49.gif --> www.skydsp.com /usr/www/users/elawrey/skydsp/publications/4thyrthesis Image49.gif
2002.06.26 23:02 B C:\sky02\website\site2\publications\4thyrthesis\Image5.gif --> www.skydsp.com /usr/www/users/elawrey/skydsp/publications/4thyrthesis Image5.gif
2002.06.26 23:02 B C:\sky02\website\site2\publications\4thyrthesis\Image50.gif --> www.skydsp.com /usr/www/users/elawrey/skydsp/publications/4thyrthesis Image50.gif
2002.06.26 23:02 B C:\sky02\website\site2\publications\4thyrthesis\Image51.gif --> www.skydsp.com /usr/www/users/elawrey/skydsp/publications/4thyrthesis Image51.gif
2002.06.26 23:02 B C:\sky02\website\site2\publications\4thyrthesis\Image52.gif --> www.skydsp.com /usr/www/users/elawrey/skydsp/publications/4thyrthesis Image52.gif
2002.06.26 23:02 B C:\sky02\website\site2\publications\4thyrthesis\Image53.gif --> www.skydsp.com /usr/www/users/elawrey/skydsp/publications/4thyrthesis Image53.gif
2002.06.26 23:02 B C:\sky02\website\site2\publications\4thyrthesis\Image54.gif --> www.skydsp.com /usr/www/users/elawrey/skydsp/publications/4thyrthesis Image54.gif
2002.06.26 23:02 B C:\sky02\website\site2\publications\4thyrthesis\Image55.gif --> www.skydsp.com /usr/www/users/elawrey/skydsp/publications/4thyrthesis Image55.gif
2002.06.26 23:02 B C:\sky02\website\site2\publications\4thyrthesis\Image56.gif --> www.skydsp.com /usr/www/users/elawrey/skydsp/publications/4thyrthesis Image56.gif
2002.06.26 23:02 B C:\sky02\website\site2\publications\4thyrthesis\Image57.gif --> www.skydsp.com /usr/www/users/elawrey/skydsp/publications/4thyrthesis Image57.gif
2002.06.26 23:02 B C:\sky02\website\site2\publications\4thyrthesis\Image58.gif --> www.skydsp.com /usr/www/users/elawrey/skydsp/publications/4thyrthesis Image58.gif
2002.06.26 23:03 B C:\sky02\website\site2\publications\4thyrthesis\Image59.gif --> www.skydsp.com /usr/www/users/elawrey/skydsp/publications/4thyrthesis Image59.gif
2002.06.26 23:03 B C:\sky02\website\site2\publications\4thyrthesis\Image6.gif --> www.skydsp.com /usr/www/users/elawrey/skydsp/publications/4thyrthesis Image6.gif
2002.06.26 23:03 B C:\sky02\website\site2\publications\4thyrthesis\Image60.gif --> www.skydsp.com /usr/www/users/elawrey/skydsp/publications/4thyrthesis Image60.gif
2002.06.26 23:03 B C:\sky02\website\site2\publications\4thyrthesis\Image61.gif --> www.skydsp.com /usr/www/users/elawrey/skydsp/publications/4thyrthesis Image61.gif
2002.06.26 23:03 B C:\sky02\website\site2\publications\4thyrthesis\Image62.gif --> www.skydsp.com /usr/www/users/elawrey/skydsp/publications/4thyrthesis Image62.gif
2002.06.26 23:03 B C:\sky02\website\site2\publications\4thyrthesis\Image63.gif --> www.skydsp.com /usr/www/users/elawrey/skydsp/publications/4thyrthesis Image63.gif
2002.06.26 23:03 B C:\sky02\website\site2\publications\4thyrthesis\Image64.gif --> www.skydsp.com /usr/www/users/elawrey/skydsp/publications/4thyrthesis Image64.gif
2002.06.26 23:03 B C:\sky02\website\site2\publications\4thyrthesis\Image65.gif --> www.skydsp.com /usr/www/users/elawrey/skydsp/publications/4thyrthesis Image65.gif
2002.06.26 23:03 B C:\sky02\website\site2\publications\4thyrthesis\Image67.gif --> www.skydsp.com /usr/www/users/elawrey/skydsp/publications/4thyrthesis Image67.gif
2002.06.26 23:03 B C:\sky02\website\site2\publications\4thyrthesis\Image68.gif --> www.skydsp.com /usr/www/users/elawrey/skydsp/publications/4thyrthesis Image68.gif
2002.06.26 23:03 B C:\sky02\website\site2\publications\4thyrthesis\Image69.gif --> www.skydsp.com /usr/www/users/elawrey/skydsp/publications/4thyrthesis Image69.gif
2002.06.26 23:03 B C:\sky02\website\site2\publications\4thyrthesis\Image70.gif --> www.skydsp.com /usr/www/users/elawrey/skydsp/publications/4thyrthesis Image70.gif
2002.06.26 23:03 B C:\sky02\website\site2\publications\4thyrthesis\Image72.gif --> www.skydsp.com /usr/www/users/elawrey/skydsp/publications/4thyrthesis Image72.gif
2002.06.26 23:03 B C:\sky02\website\site2\publications\4thyrthesis\Image78.gif --> www.skydsp.com /usr/www/users/elawrey/skydsp/publications/4thyrthesis Image78.gif
2002.06.26 23:03 B C:\sky02\website\site2\publications\4thyrthesis\Image79.gif --> www.skydsp.com /usr/www/users/elawrey/skydsp/publications/4thyrthesis Image79.gif
2002.06.26 23:03 B C:\sky02\website\site2\publications\4thyrthesis\Image8.gif --> www.skydsp.com /usr/www/users/elawrey/skydsp/publications/4thyrthesis Image8.gif
2002.06.26 23:03 B C:\sky02\website\site2\publications\4thyrthesis\Image80.gif --> www.skydsp.com /usr/www/users/elawrey/skydsp/publications/4thyrthesis Image80.gif
2002.06.26 23:03 B C:\sky02\website\site2\publications\4thyrthesis\Image81.gif --> www.skydsp.com /usr/www/users/elawrey/skydsp/publications/4thyrthesis Image81.gif
2002.06.26 23:03 B C:\sky02\website\site2\publications\4thyrthesis\Image82.gif --> www.skydsp.com /usr/www/users/elawrey/skydsp/publications/4thyrthesis Image82.gif
2002.06.26 23:03 B C:\sky02\website\site2\publications\4thyrthesis\Image83.gif --> www.skydsp.com /usr/www/users/elawrey/skydsp/publications/4thyrthesis Image83.gif
2002.06.26 23:03 B C:\sky02\website\site2\publications\4thyrthesis\Image84.gif --> www.skydsp.com /usr/www/users/elawrey/skydsp/publications/4thyrthesis Image84.gif
2002.06.26 23:03 B C:\sky02\website\site2\publications\4thyrthesis\Image85.gif --> www.skydsp.com /usr/www/users/elawrey/skydsp/publications/4thyrthesis Image85.gif
2002.06.26 23:03 B C:\sky02\website\site2\publications\4thyrthesis\Image86.gif --> www.skydsp.com /usr/www/users/elawrey/skydsp/publications/4thyrthesis Image86.gif
2002.06.26 23:03 B C:\sky02\website\site2\publications\4thyrthesis\Image87.gif --> www.skydsp.com /usr/www/users/elawrey/skydsp/publications/4thyrthesis Image87.gif
2002.06.26 23:03 B C:\sky02\website\site2\publications\4thyrthesis\Image88.gif --> www.skydsp.com /usr/www/users/elawrey/skydsp/publications/4thyrthesis Image88.gif
2002.06.26 23:03 B C:\sky02\website\site2\publications\4thyrthesis\ImagePerform.gif --> www.skydsp.com /usr/www/users/elawrey/skydsp/publications/4thyrthesis ImagePerform.gif
2002.06.26 23:04 B C:\sky02\website\site2\publications\4thyrthesis\index.htm --> www.skydsp.com /usr/www/users/elawrey/skydsp/publications/4thyrthesis index.htm
2002.06.26 23:04 B C:\sky02\website\site2\publications\4thyrthesis\matlab.gif --> www.skydsp.com /usr/www/users/elawrey/skydsp/publications/4thyrthesis matlab.gif
2002.06.26 23:04 B C:\sky02\website\site2\publications\4thyrthesis\multipath.gif --> www.skydsp.com /usr/www/users/elawrey/skydsp/publications/4thyrthesis multipath.gif
2002.06.26 23:04 B C:\sky02\website\site2\publications\4thyrthesis\new.gif --> www.skydsp.com /usr/www/users/elawrey/skydsp/publications/4thyrthesis new.gif
2002.06.26 23:04 B C:\sky02\website\site2\publications\4thyrthesis\OFDMcode.zip --> www.skydsp.com /usr/www/users/elawrey/skydsp/publications/4thyrthesis OFDMcode.zip
2002.06.26 23:04 B C:\sky02\website\site2\publications\4thyrthesis\OFDMgen.gif --> www.skydsp.com /usr/www/users/elawrey/skydsp/publications/4thyrthesis OFDMgen.gif
2002.06.26 23:05 B C:\sky02\website\site2\publications\4thyrthesis\ofdmmatlab5.zip --> www.skydsp.com /usr/www/users/elawrey/skydsp/publications/4thyrthesis ofdmmatlab5.zip
2002.06.26 23:05 B C:\sky02\website\site2\publications\4thyrthesis\OFDMspec21carr.gif --> www.skydsp.com /usr/www/users/elawrey/skydsp/publications/4thyrthesis OFDMspec21carr.gif
2002.06.26 23:05 B C:\sky02\website\site2\publications\4thyrthesis\OFDMspec5carr.gif --> www.skydsp.com /usr/www/users/elawrey/skydsp/publications/4thyrthesis OFDMspec5carr.gif
2002.06.26 23:05 B C:\sky02\website\site2\publications\4thyrthesis\pdf.gif --> www.skydsp.com /usr/www/users/elawrey/skydsp/publications/4thyrthesis pdf.gif
2002.06.26 23:05 B C:\sky02\website\site2\publications\4thyrthesis\PhaseErr.gif --> www.skydsp.com /usr/www/users/elawrey/skydsp/publications/4thyrthesis PhaseErr.gif
2002.06.26 23:05 B C:\sky02\website\site2\publications\4thyrthesis\PicSNR.gif --> www.skydsp.com /usr/www/users/elawrey/skydsp/publications/4thyrthesis PicSNR.gif
2002.06.26 23:05 B C:\sky02\website\site2\publications\4thyrthesis\PredSpeed.gif --> www.skydsp.com /usr/www/users/elawrey/skydsp/publications/4thyrthesis PredSpeed.gif
2002.06.26 23:05 B C:\sky02\website\site2\publications\4thyrthesis\s0022_twiconpale30pix.gif --> www.skydsp.com /usr/www/users/elawrey/skydsp/publications/4thyrthesis s0022_twiconpale30pix.gif
2002.06.26 23:05 B C:\sky02\website\site2\publications\4thyrthesis\sound.gif --> www.skydsp.com /usr/www/users/elawrey/skydsp/publications/4thyrthesis sound.gif
2002.06.26 23:05 B C:\sky02\website\site2\publications\4thyrthesis\taperesponse.gif --> www.skydsp.com /usr/www/users/elawrey/skydsp/publications/4thyrthesis taperesponse.gif
2002.06.26 23:05 B C:\sky02\website\site2\publications\4thyrthesis\template.bak --> www.skydsp.com /usr/www/users/elawrey/skydsp/publications/4thyrthesis template.bak
2002.06.26 23:05 B C:\sky02\website\site2\publications\4thyrthesis\template.html --> www.skydsp.com /usr/www/users/elawrey/skydsp/publications/4thyrthesis template.html
2002.06.26 23:08 B C:\sky02\website\site2\publications\4thyrthesis\Thesis_Eric_Lawrey_OFDM_vs_CDMA.pdf --> www.skydsp.com /usr/www/users/elawrey/skydsp/publications/4thyrthesis Thesis_Eric_Lawrey_OFDM_vs_CDMA.pdf
2002.06.26 23:10 B C:\sky02\website\site2\publications\4thyrthesis\Thesis_Eric_Lawrey_OFDM_vs_CDMA_ver2.pdf --> www.skydsp.com /usr/www/users/elawrey/skydsp/publications/4thyrthesis Thesis_Eric_Lawrey_OFDM_vs_CDMA_ver2.pdf
2002.06.26 23:10 B C:\sky02\website\site2\publications\4thyrthesis\thesissim.zip --> www.skydsp.com /usr/www/users/elawrey/skydsp/publications/4thyrthesis thesissim.zip
2002.06.26 23:10 B C:\sky02\website\site2\publications\4thyrthesis\vcrresponse.gif --> www.skydsp.com /usr/www/users/elawrey/skydsp/publications/4thyrthesis vcrresponse.gif
