2000.10.27 16:09 B C:\uni2000\website2\AdaptMod\images\figure1.jpg --> ludo.jcu.edu.au /home2/eng-epl/public_html/thesis/AdaptMod/images figure1.jpg
2000.10.27 16:09 B C:\uni2000\website2\AdaptMod\images\figure1lg.jpg --> ludo.jcu.edu.au /home2/eng-epl/public_html/thesis/AdaptMod/images figure1lg.jpg
2000.10.27 16:09 B C:\uni2000\website2\AdaptMod\images\figure2.gif --> ludo.jcu.edu.au /home2/eng-epl/public_html/thesis/AdaptMod/images figure2.gif
2000.10.27 16:09 B C:\uni2000\website2\AdaptMod\images\figure2lg.gif --> ludo.jcu.edu.au /home2/eng-epl/public_html/thesis/AdaptMod/images figure2lg.gif
2000.10.27 16:09 B C:\uni2000\website2\AdaptMod\images\figure3.gif --> ludo.jcu.edu.au /home2/eng-epl/public_html/thesis/AdaptMod/images figure3.gif
2000.10.27 16:09 B C:\uni2000\website2\AdaptMod\images\figure3lg.gif --> ludo.jcu.edu.au /home2/eng-epl/public_html/thesis/AdaptMod/images figure3lg.gif
2000.10.27 16:09 B C:\uni2000\website2\AdaptMod\images\figure4.gif --> ludo.jcu.edu.au /home2/eng-epl/public_html/thesis/AdaptMod/images figure4.gif
2000.10.27 16:09 B C:\uni2000\website2\AdaptMod\images\figure4lg.gif --> ludo.jcu.edu.au /home2/eng-epl/public_html/thesis/AdaptMod/images figure4lg.gif
2000.10.27 16:09 B C:\uni2000\website2\AdaptMod\images\figure5.gif --> ludo.jcu.edu.au /home2/eng-epl/public_html/thesis/AdaptMod/images figure5.gif
2000.10.27 16:09 B C:\uni2000\website2\AdaptMod\images\figure5lg.gif --> ludo.jcu.edu.au /home2/eng-epl/public_html/thesis/AdaptMod/images figure5lg.gif
2000.10.27 16:09 B C:\uni2000\website2\AdaptMod\images\pdf.gif --> ludo.jcu.edu.au /home2/eng-epl/public_html/thesis/AdaptMod/images pdf.gif
2000.10.27 16:09 B C:\uni2000\website2\AdaptMod\images\s0022_twiconpale30pix.gif --> ludo.jcu.edu.au /home2/eng-epl/public_html/thesis/AdaptMod/images s0022_twiconpale30pix.gif
2000.10.27 16:09 B C:\uni2000\website2\AdaptMod\images\table1.gif --> ludo.jcu.edu.au /home2/eng-epl/public_html/thesis/AdaptMod/images table1.gif
2001.11.08 21:44 B C:\uni2001h2_enull\website3\AdaptMod\images\figure1.jpg --> stratum /c:/uni2001h2/website3/AdaptMod/images figure1.jpg
2001.11.08 21:44 B C:\uni2001h2_enull\website3\AdaptMod\images\figure1lg.jpg --> stratum /c:/uni2001h2/website3/AdaptMod/images figure1lg.jpg
2001.11.08 21:44 B C:\uni2001h2_enull\website3\AdaptMod\images\figure2.gif --> stratum /c:/uni2001h2/website3/AdaptMod/images figure2.gif
2001.11.08 21:44 B C:\uni2001h2_enull\website3\AdaptMod\images\figure2lg.gif --> stratum /c:/uni2001h2/website3/AdaptMod/images figure2lg.gif
2001.11.08 21:44 B C:\uni2001h2_enull\website3\AdaptMod\images\figure3.gif --> stratum /c:/uni2001h2/website3/AdaptMod/images figure3.gif
2001.11.08 21:44 B C:\uni2001h2_enull\website3\AdaptMod\images\figure3lg.gif --> stratum /c:/uni2001h2/website3/AdaptMod/images figure3lg.gif
2001.11.08 21:44 B C:\uni2001h2_enull\website3\AdaptMod\images\figure4.gif --> stratum /c:/uni2001h2/website3/AdaptMod/images figure4.gif
2001.11.08 21:44 B C:\uni2001h2_enull\website3\AdaptMod\images\figure4lg.gif --> stratum /c:/uni2001h2/website3/AdaptMod/images figure4lg.gif
2001.11.08 21:44 B C:\uni2001h2_enull\website3\AdaptMod\images\figure5.gif --> stratum /c:/uni2001h2/website3/AdaptMod/images figure5.gif
2001.11.08 21:44 B C:\uni2001h2_enull\website3\AdaptMod\images\figure5lg.gif --> stratum /c:/uni2001h2/website3/AdaptMod/images figure5lg.gif
2001.11.08 21:44 B C:\uni2001h2_enull\website3\AdaptMod\images\pdf.gif --> stratum /c:/uni2001h2/website3/AdaptMod/images pdf.gif
2001.11.08 21:44 B C:\uni2001h2_enull\website3\AdaptMod\images\s0022_twiconpale30pix.gif --> stratum /c:/uni2001h2/website3/AdaptMod/images s0022_twiconpale30pix.gif
2001.11.08 21:44 B C:\uni2001h2_enull\website3\AdaptMod\images\table1.gif --> stratum /c:/uni2001h2/website3/AdaptMod/images table1.gif
2002.06.26 23:11 B C:\sky02\website\site2\publications\AdaptMod\images\figure1.jpg --> www.skydsp.com /usr/www/users/elawrey/skydsp/publications/AdaptMod/images figure1.jpg
2002.06.26 23:11 B C:\sky02\website\site2\publications\AdaptMod\images\figure1lg.jpg --> www.skydsp.com /usr/www/users/elawrey/skydsp/publications/AdaptMod/images figure1lg.jpg
2002.06.26 23:11 B C:\sky02\website\site2\publications\AdaptMod\images\figure2.gif --> www.skydsp.com /usr/www/users/elawrey/skydsp/publications/AdaptMod/images figure2.gif
2002.06.26 23:12 B C:\sky02\website\site2\publications\AdaptMod\images\figure2lg.gif --> www.skydsp.com /usr/www/users/elawrey/skydsp/publications/AdaptMod/images figure2lg.gif
2002.06.26 23:12 B C:\sky02\website\site2\publications\AdaptMod\images\figure3.gif --> www.skydsp.com /usr/www/users/elawrey/skydsp/publications/AdaptMod/images figure3.gif
2002.06.26 23:12 B C:\sky02\website\site2\publications\AdaptMod\images\figure3lg.gif --> www.skydsp.com /usr/www/users/elawrey/skydsp/publications/AdaptMod/images figure3lg.gif
2002.06.26 23:12 B C:\sky02\website\site2\publications\AdaptMod\images\figure4.gif --> www.skydsp.com /usr/www/users/elawrey/skydsp/publications/AdaptMod/images figure4.gif
2002.06.26 23:12 B C:\sky02\website\site2\publications\AdaptMod\images\figure4lg.gif --> www.skydsp.com /usr/www/users/elawrey/skydsp/publications/AdaptMod/images figure4lg.gif
2002.06.26 23:12 B C:\sky02\website\site2\publications\AdaptMod\images\figure5.gif --> www.skydsp.com /usr/www/users/elawrey/skydsp/publications/AdaptMod/images figure5.gif
2002.06.26 23:12 B C:\sky02\website\site2\publications\AdaptMod\images\figure5lg.gif --> www.skydsp.com /usr/www/users/elawrey/skydsp/publications/AdaptMod/images figure5lg.gif
2002.06.26 23:12 B C:\sky02\website\site2\publications\AdaptMod\images\pdf.gif --> www.skydsp.com /usr/www/users/elawrey/skydsp/publications/AdaptMod/images pdf.gif
2002.06.26 23:12 B C:\sky02\website\site2\publications\AdaptMod\images\s0022_twiconpale30pix.gif --> www.skydsp.com /usr/www/users/elawrey/skydsp/publications/AdaptMod/images s0022_twiconpale30pix.gif
2002.06.26 23:12 B C:\sky02\website\site2\publications\AdaptMod\images\table1.gif --> www.skydsp.com /usr/www/users/elawrey/skydsp/publications/AdaptMod/images table1.gif
2002.06.26 23:12 B C:\sky02\website\site2\publications\AdaptMod\images\WS_FTP.LOG --> www.skydsp.com /usr/www/users/elawrey/skydsp/publications/AdaptMod/images WS_FTP.LOG
2002.07.10 19:51 B C:\sky02\website\site2\publications\AdaptMod\images\figure1.jpg --> www.skydsp.com /usr/www/users/elawrey/skydsp/publications/AdaptMod/images figure1.jpg
2002.07.10 19:52 B C:\sky02\website\site2\publications\AdaptMod\images\figure1lg.jpg --> www.skydsp.com /usr/www/users/elawrey/skydsp/publications/AdaptMod/images figure1lg.jpg
2002.07.10 19:52 B C:\sky02\website\site2\publications\AdaptMod\images\figure2.gif --> www.skydsp.com /usr/www/users/elawrey/skydsp/publications/AdaptMod/images figure2.gif
2002.07.10 19:52 B C:\sky02\website\site2\publications\AdaptMod\images\figure2lg.gif --> www.skydsp.com /usr/www/users/elawrey/skydsp/publications/AdaptMod/images figure2lg.gif
2002.07.10 19:52 B C:\sky02\website\site2\publications\AdaptMod\images\figure3.gif --> www.skydsp.com /usr/www/users/elawrey/skydsp/publications/AdaptMod/images figure3.gif
2002.07.10 19:52 B C:\sky02\website\site2\publications\AdaptMod\images\figure3lg.gif --> www.skydsp.com /usr/www/users/elawrey/skydsp/publications/AdaptMod/images figure3lg.gif
2002.07.10 19:52 B C:\sky02\website\site2\publications\AdaptMod\images\figure4.gif --> www.skydsp.com /usr/www/users/elawrey/skydsp/publications/AdaptMod/images figure4.gif
2002.07.10 19:52 B C:\sky02\website\site2\publications\AdaptMod\images\figure4lg.gif --> www.skydsp.com /usr/www/users/elawrey/skydsp/publications/AdaptMod/images figure4lg.gif
2002.07.10 19:52 B C:\sky02\website\site2\publications\AdaptMod\images\figure5.gif --> www.skydsp.com /usr/www/users/elawrey/skydsp/publications/AdaptMod/images figure5.gif
2002.07.10 19:52 B C:\sky02\website\site2\publications\AdaptMod\images\figure5lg.gif --> www.skydsp.com /usr/www/users/elawrey/skydsp/publications/AdaptMod/images figure5lg.gif
2002.07.10 19:52 B C:\sky02\website\site2\publications\AdaptMod\images\pdf.gif --> www.skydsp.com /usr/www/users/elawrey/skydsp/publications/AdaptMod/images pdf.gif
2002.07.10 19:53 B C:\sky02\website\site2\publications\AdaptMod\images\s0022_twiconpale30pix.gif --> www.skydsp.com /usr/www/users/elawrey/skydsp/publications/AdaptMod/images s0022_twiconpale30pix.gif
2002.07.10 19:53 B C:\sky02\website\site2\publications\AdaptMod\images\table1.gif --> www.skydsp.com /usr/www/users/elawrey/skydsp/publications/AdaptMod/images table1.gif
