2000.10.27 16:09 B C:\uni2000\website2\MultiuserOFDM\images\figure1.gif --> ludo.jcu.edu.au /home2/eng-epl/public_html/thesis/MultiuserOFDM/images figure1.gif
2000.10.27 16:09 B C:\uni2000\website2\MultiuserOFDM\images\figure2.gif --> ludo.jcu.edu.au /home2/eng-epl/public_html/thesis/MultiuserOFDM/images figure2.gif
2000.10.27 16:09 B C:\uni2000\website2\MultiuserOFDM\images\figure3.gif --> ludo.jcu.edu.au /home2/eng-epl/public_html/thesis/MultiuserOFDM/images figure3.gif
2000.10.27 16:09 B C:\uni2000\website2\MultiuserOFDM\images\figure4.gif --> ludo.jcu.edu.au /home2/eng-epl/public_html/thesis/MultiuserOFDM/images figure4.gif
2000.10.27 16:09 B C:\uni2000\website2\MultiuserOFDM\images\figure5.gif --> ludo.jcu.edu.au /home2/eng-epl/public_html/thesis/MultiuserOFDM/images figure5.gif
2000.10.27 16:09 B C:\uni2000\website2\MultiuserOFDM\images\figure6.jpg --> ludo.jcu.edu.au /home2/eng-epl/public_html/thesis/MultiuserOFDM/images figure6.jpg
2000.10.27 16:09 B C:\uni2000\website2\MultiuserOFDM\images\figure6lg.jpg --> ludo.jcu.edu.au /home2/eng-epl/public_html/thesis/MultiuserOFDM/images figure6lg.jpg
2000.10.27 16:09 B C:\uni2000\website2\MultiuserOFDM\images\figure7.gif --> ludo.jcu.edu.au /home2/eng-epl/public_html/thesis/MultiuserOFDM/images figure7.gif
2000.10.27 16:09 B C:\uni2000\website2\MultiuserOFDM\images\multiuserposter_page1.gif --> ludo.jcu.edu.au /home2/eng-epl/public_html/thesis/MultiuserOFDM/images multiuserposter_page1.gif
2000.10.27 16:09 B C:\uni2000\website2\MultiuserOFDM\images\multiuserposter_page1.jpg --> ludo.jcu.edu.au /home2/eng-epl/public_html/thesis/MultiuserOFDM/images multiuserposter_page1.jpg
2000.10.27 16:09 B C:\uni2000\website2\MultiuserOFDM\images\multiuserposter_page2.gif --> ludo.jcu.edu.au /home2/eng-epl/public_html/thesis/MultiuserOFDM/images multiuserposter_page2.gif
2000.10.27 16:09 B C:\uni2000\website2\MultiuserOFDM\images\multiuserposter_page2.jpg --> ludo.jcu.edu.au /home2/eng-epl/public_html/thesis/MultiuserOFDM/images multiuserposter_page2.jpg
2000.10.27 16:09 B C:\uni2000\website2\MultiuserOFDM\images\multiuserposter_page3.gif --> ludo.jcu.edu.au /home2/eng-epl/public_html/thesis/MultiuserOFDM/images multiuserposter_page3.gif
2000.10.27 16:09 B C:\uni2000\website2\MultiuserOFDM\images\multiuserposter_page3.jpg --> ludo.jcu.edu.au /home2/eng-epl/public_html/thesis/MultiuserOFDM/images multiuserposter_page3.jpg
2000.10.27 16:09 B C:\uni2000\website2\MultiuserOFDM\images\pdf.gif --> ludo.jcu.edu.au /home2/eng-epl/public_html/thesis/MultiuserOFDM/images pdf.gif
2000.10.27 16:09 B C:\uni2000\website2\MultiuserOFDM\images\s0022_twiconpale30pix.gif --> ludo.jcu.edu.au /home2/eng-epl/public_html/thesis/MultiuserOFDM/images s0022_twiconpale30pix.gif
2001.11.08 21:44 B C:\uni2001h2_enull\website3\MultiuserOFDM\images\figure1.gif --> stratum /c:/uni2001h2/website3/MultiuserOFDM/images figure1.gif
2001.11.08 21:44 B C:\uni2001h2_enull\website3\MultiuserOFDM\images\figure2.gif --> stratum /c:/uni2001h2/website3/MultiuserOFDM/images figure2.gif
2001.11.08 21:44 B C:\uni2001h2_enull\website3\MultiuserOFDM\images\figure3.gif --> stratum /c:/uni2001h2/website3/MultiuserOFDM/images figure3.gif
2001.11.08 21:44 B C:\uni2001h2_enull\website3\MultiuserOFDM\images\figure4.gif --> stratum /c:/uni2001h2/website3/MultiuserOFDM/images figure4.gif
2001.11.08 21:44 B C:\uni2001h2_enull\website3\MultiuserOFDM\images\figure5.gif --> stratum /c:/uni2001h2/website3/MultiuserOFDM/images figure5.gif
2001.11.08 21:44 B C:\uni2001h2_enull\website3\MultiuserOFDM\images\figure6.jpg --> stratum /c:/uni2001h2/website3/MultiuserOFDM/images figure6.jpg
2001.11.08 21:44 B C:\uni2001h2_enull\website3\MultiuserOFDM\images\figure6lg.jpg --> stratum /c:/uni2001h2/website3/MultiuserOFDM/images figure6lg.jpg
2001.11.08 21:44 B C:\uni2001h2_enull\website3\MultiuserOFDM\images\figure7.gif --> stratum /c:/uni2001h2/website3/MultiuserOFDM/images figure7.gif
2001.11.08 21:44 B C:\uni2001h2_enull\website3\MultiuserOFDM\images\multiuserposter_page1.gif --> stratum /c:/uni2001h2/website3/MultiuserOFDM/images multiuserposter_page1.gif
2001.11.08 21:44 B C:\uni2001h2_enull\website3\MultiuserOFDM\images\multiuserposter_page1.jpg --> stratum /c:/uni2001h2/website3/MultiuserOFDM/images multiuserposter_page1.jpg
2001.11.08 21:44 B C:\uni2001h2_enull\website3\MultiuserOFDM\images\multiuserposter_page2.gif --> stratum /c:/uni2001h2/website3/MultiuserOFDM/images multiuserposter_page2.gif
2001.11.08 21:44 B C:\uni2001h2_enull\website3\MultiuserOFDM\images\multiuserposter_page2.jpg --> stratum /c:/uni2001h2/website3/MultiuserOFDM/images multiuserposter_page2.jpg
2001.11.08 21:44 B C:\uni2001h2_enull\website3\MultiuserOFDM\images\multiuserposter_page3.gif --> stratum /c:/uni2001h2/website3/MultiuserOFDM/images multiuserposter_page3.gif
2001.11.08 21:44 B C:\uni2001h2_enull\website3\MultiuserOFDM\images\multiuserposter_page3.jpg --> stratum /c:/uni2001h2/website3/MultiuserOFDM/images multiuserposter_page3.jpg
2001.11.08 21:44 B C:\uni2001h2_enull\website3\MultiuserOFDM\images\pdf.gif --> stratum /c:/uni2001h2/website3/MultiuserOFDM/images pdf.gif
2001.11.08 21:44 B C:\uni2001h2_enull\website3\MultiuserOFDM\images\s0022_twiconpale30pix.gif --> stratum /c:/uni2001h2/website3/MultiuserOFDM/images s0022_twiconpale30pix.gif
2002.06.26 23:19 B C:\sky02\website\site2\publications\MultiuserOFDM\images\figure1.gif --> www.skydsp.com /usr/www/users/elawrey/skydsp/publications/MultiuserOFDM/images figure1.gif
2002.06.26 23:19 B C:\sky02\website\site2\publications\MultiuserOFDM\images\figure1.jpg --> www.skydsp.com /usr/www/users/elawrey/skydsp/publications/MultiuserOFDM/images figure1.jpg
2002.06.26 23:19 B C:\sky02\website\site2\publications\MultiuserOFDM\images\figure2.gif --> www.skydsp.com /usr/www/users/elawrey/skydsp/publications/MultiuserOFDM/images figure2.gif
2002.06.26 23:19 B C:\sky02\website\site2\publications\MultiuserOFDM\images\figure3.gif --> www.skydsp.com /usr/www/users/elawrey/skydsp/publications/MultiuserOFDM/images figure3.gif
2002.06.26 23:19 B C:\sky02\website\site2\publications\MultiuserOFDM\images\figure4.gif --> www.skydsp.com /usr/www/users/elawrey/skydsp/publications/MultiuserOFDM/images figure4.gif
2002.06.26 23:19 B C:\sky02\website\site2\publications\MultiuserOFDM\images\figure5.gif --> www.skydsp.com /usr/www/users/elawrey/skydsp/publications/MultiuserOFDM/images figure5.gif
2002.06.26 23:19 B C:\sky02\website\site2\publications\MultiuserOFDM\images\figure6.jpg --> www.skydsp.com /usr/www/users/elawrey/skydsp/publications/MultiuserOFDM/images figure6.jpg
2002.06.26 23:19 B C:\sky02\website\site2\publications\MultiuserOFDM\images\figure6lg.jpg --> www.skydsp.com /usr/www/users/elawrey/skydsp/publications/MultiuserOFDM/images figure6lg.jpg
2002.06.26 23:19 B C:\sky02\website\site2\publications\MultiuserOFDM\images\figure7.gif --> www.skydsp.com /usr/www/users/elawrey/skydsp/publications/MultiuserOFDM/images figure7.gif
2002.06.26 23:20 B C:\sky02\website\site2\publications\MultiuserOFDM\images\multiuserposter_page1.gif --> www.skydsp.com /usr/www/users/elawrey/skydsp/publications/MultiuserOFDM/images multiuserposter_page1.gif
2002.06.26 23:20 B C:\sky02\website\site2\publications\MultiuserOFDM\images\multiuserposter_page1.jpg --> www.skydsp.com /usr/www/users/elawrey/skydsp/publications/MultiuserOFDM/images multiuserposter_page1.jpg
2002.06.26 23:21 B C:\sky02\website\site2\publications\MultiuserOFDM\images\multiuserposter_page2.gif --> www.skydsp.com /usr/www/users/elawrey/skydsp/publications/MultiuserOFDM/images multiuserposter_page2.gif
2002.06.26 23:21 B C:\sky02\website\site2\publications\MultiuserOFDM\images\multiuserposter_page2.jpg --> www.skydsp.com /usr/www/users/elawrey/skydsp/publications/MultiuserOFDM/images multiuserposter_page2.jpg
2002.06.26 23:21 B C:\sky02\website\site2\publications\MultiuserOFDM\images\multiuserposter_page3.gif --> www.skydsp.com /usr/www/users/elawrey/skydsp/publications/MultiuserOFDM/images multiuserposter_page3.gif
2002.06.26 23:21 B C:\sky02\website\site2\publications\MultiuserOFDM\images\multiuserposter_page3.jpg --> www.skydsp.com /usr/www/users/elawrey/skydsp/publications/MultiuserOFDM/images multiuserposter_page3.jpg
2002.06.26 23:21 B C:\sky02\website\site2\publications\MultiuserOFDM\images\pdf.gif --> www.skydsp.com /usr/www/users/elawrey/skydsp/publications/MultiuserOFDM/images pdf.gif
2002.06.26 23:21 B C:\sky02\website\site2\publications\MultiuserOFDM\images\s0022_twiconpale30pix.gif --> www.skydsp.com /usr/www/users/elawrey/skydsp/publications/MultiuserOFDM/images s0022_twiconpale30pix.gif
2002.06.26 23:22 B C:\sky02\website\site2\publications\MultiuserOFDM\images\WS_FTP.LOG --> www.skydsp.com /usr/www/users/elawrey/skydsp/publications/MultiuserOFDM/images WS_FTP.LOG
2002.07.10 19:55 B C:\sky02\website\site2\publications\MultiuserOFDM\images\figure1.gif --> www.skydsp.com /usr/www/users/elawrey/skydsp/publications/MultiuserOFDM/images figure1.gif
2002.07.10 19:55 B C:\sky02\website\site2\publications\MultiuserOFDM\images\figure1.jpg --> www.skydsp.com /usr/www/users/elawrey/skydsp/publications/MultiuserOFDM/images figure1.jpg
2002.07.10 19:55 B C:\sky02\website\site2\publications\MultiuserOFDM\images\figure2.gif --> www.skydsp.com /usr/www/users/elawrey/skydsp/publications/MultiuserOFDM/images figure2.gif
2002.07.10 19:55 B C:\sky02\website\site2\publications\MultiuserOFDM\images\figure3.gif --> www.skydsp.com /usr/www/users/elawrey/skydsp/publications/MultiuserOFDM/images figure3.gif
2002.07.10 19:55 B C:\sky02\website\site2\publications\MultiuserOFDM\images\figure4.gif --> www.skydsp.com /usr/www/users/elawrey/skydsp/publications/MultiuserOFDM/images figure4.gif
2002.07.10 19:56 B C:\sky02\website\site2\publications\MultiuserOFDM\images\figure5.gif --> www.skydsp.com /usr/www/users/elawrey/skydsp/publications/MultiuserOFDM/images figure5.gif
2002.07.10 19:56 B C:\sky02\website\site2\publications\MultiuserOFDM\images\figure6.jpg --> www.skydsp.com /usr/www/users/elawrey/skydsp/publications/MultiuserOFDM/images figure6.jpg
2002.07.10 19:56 B C:\sky02\website\site2\publications\MultiuserOFDM\images\figure6lg.jpg --> www.skydsp.com /usr/www/users/elawrey/skydsp/publications/MultiuserOFDM/images figure6lg.jpg
2002.07.10 19:56 B C:\sky02\website\site2\publications\MultiuserOFDM\images\figure7.gif --> www.skydsp.com /usr/www/users/elawrey/skydsp/publications/MultiuserOFDM/images figure7.gif
2002.07.10 19:57 B C:\sky02\website\site2\publications\MultiuserOFDM\images\multiuserposter_page1.gif --> www.skydsp.com /usr/www/users/elawrey/skydsp/publications/MultiuserOFDM/images multiuserposter_page1.gif
2002.07.10 19:57 B C:\sky02\website\site2\publications\MultiuserOFDM\images\multiuserposter_page1.jpg --> www.skydsp.com /usr/www/users/elawrey/skydsp/publications/MultiuserOFDM/images multiuserposter_page1.jpg
2002.07.10 19:57 B C:\sky02\website\site2\publications\MultiuserOFDM\images\multiuserposter_page2.gif --> www.skydsp.com /usr/www/users/elawrey/skydsp/publications/MultiuserOFDM/images multiuserposter_page2.gif
2002.07.10 19:57 B C:\sky02\website\site2\publications\MultiuserOFDM\images\multiuserposter_page2.jpg --> www.skydsp.com /usr/www/users/elawrey/skydsp/publications/MultiuserOFDM/images multiuserposter_page2.jpg
2002.07.10 19:58 B C:\sky02\website\site2\publications\MultiuserOFDM\images\multiuserposter_page3.gif --> www.skydsp.com /usr/www/users/elawrey/skydsp/publications/MultiuserOFDM/images multiuserposter_page3.gif
2002.07.10 19:58 B C:\sky02\website\site2\publications\MultiuserOFDM\images\multiuserposter_page3.jpg --> www.skydsp.com /usr/www/users/elawrey/skydsp/publications/MultiuserOFDM/images multiuserposter_page3.jpg
2002.07.10 19:58 B C:\sky02\website\site2\publications\MultiuserOFDM\images\pdf.gif --> www.skydsp.com /usr/www/users/elawrey/skydsp/publications/MultiuserOFDM/images pdf.gif
2002.07.10 19:58 B C:\sky02\website\site2\publications\MultiuserOFDM\images\s0022_twiconpale30pix.gif --> www.skydsp.com /usr/www/users/elawrey/skydsp/publications/MultiuserOFDM/images s0022_twiconpale30pix.gif
